

**********
Event at 13:41:6 @ server.js line 34
SUCCESS
Listening to Server on Port 3000

**********
Event at 13:57:20 @ server.js line 34
SUCCESS
Listening to Server on Port 3000

**********
Event at 13:57:21 @ server.js line 34
SUCCESS
Listening to Server on Port 3000

**********
Event at 13:58:43 @ server.js line 34
SUCCESS
Listening to Server on Port 3000

**********
Event at 14:00:47 @ server.js line 34
SUCCESS
Listening to Server on Port 3000

**********
Event at 14:04:17 @ server.js line 34
SUCCESS
Listening to Server on Port 3000

**********
Event at 14:06:43 @ server.js line 34
SUCCESS
Listening to Server on Port 3000

**********
Event at 14:07:1 @ app.js line 48 GET:/urls/:id
SUCCESS
Returned URL based on ID
Returned Data: 
--   data :  url : google.com 
     id :1
     tynyUrl : tyny.io/7fdcdf0 
     shortUrl : 7fdcdf0 
     key : 43a995d29e 
     createdAt : 2017-02-05T19:49:59.000Z 
     updatedAt : 2017-02-08T17:53:22.000Z   
Requested Data: 
--   body :  id : 1   

**********
Event at 14:08:35 @ server.js line 34
SUCCESS
Listening to Server on Port 3000

**********
Event at 14:10:45 @ server.js line 34
SUCCESS
Listening to Server on Port 3000

**********
Event at 14:10:59 @ server.js line 34
SUCCESS
Listening to Server on Port 3000

**********
Event at 14:11:13 @ server.js line 34
SUCCESS
Listening to Server on Port 3000

**********
Event at 14:11:24 @ server.js line 34
SUCCESS
Listening to Server on Port 3000

**********
Event at 14:23:52 @ server.js line 34
SUCCESS
Listening to Server on Port 3000

**********
Event at 15:37:53 @ server.js line 34
SUCCESS
Listening to Server on Port 3000

**********
Event at 15:38:4 @ app.js line 48 GET:/urls/:id
SUCCESS
Returned URL based on ID
Returned Data: 
--   data :  url : google.com 
     id :1
     tynyUrl : tyny.io/7fdcdf0 
     shortUrl : 7fdcdf0 
     key : 43a995d29e 
     createdAt : 2017-02-05T19:49:59.000Z 
     updatedAt : 2017-02-08T17:53:22.000Z   
Requested Data: 
--   body :  id : 1   

**********
Event at 17:02:46 @ server.js line 34
SUCCESS
Listening to Server on Port 3000

**********
Event at 17:02:51 @ app.js line 180 POST:/urls/:id
SUCCESS
Updated short URL by ID
Returned Data: 
--   data :  url : www.google.com 
     id :1
     tynyUrl : tyny.io/7fdcdf0 
     shortUrl : 7fdcdf0 
     key : 43a995d29e 
     createdAt : 2017-02-05T19:49:59.000Z 
     updatedAt : 2017-02-09T22:02:01.000Z   
Requested Data: 
--   body :  url : www.google.com 
     key : 43a995d29e   

**********
Event at 17:03:50 @ server.js line 34
SUCCESS
Listening to Server on Port 3000

**********
Event at 17:03:54 @ app.js line 48 GET:/urls/:id
SUCCESS
Returned URL based on ID
Returned Data: 
--   data :  url : www.google.com 
     id :1
     tynyUrl : tyny.io/7fdcdf0 
     shortUrl : 7fdcdf0 
     key : 43a995d29e 
     createdAt : 2017-02-05T19:49:59.000Z 
     updatedAt : 2017-02-09T22:02:01.000Z   
Requested Data: 
--   body :   

**********
Event at 17:04:29 @ server.js line 34
SUCCESS
Listening to Server on Port 3000

**********
Event at 17:04:47 @ server.js line 34
SUCCESS
Listening to Server on Port 3000

**********
Event at 17:04:52 @ app.js line 48 GET:/urls/:id
SUCCESS
Returned URL based on ID
Returned Data: 
--   data :  url : www.google.com 
     id :1
     tynyUrl : tyny.io/7fdcdf0 
     shortUrl : 7fdcdf0 
     key : 43a995d29e 
     createdAt : 2017-02-05T19:49:59.000Z 
     updatedAt : 2017-02-09T22:02:01.000Z   
Requested Data: 
--   body :   

**********
Event at 17:06:16 @ server.js line 34
SUCCESS
Listening to Server on Port 3000

**********
Event at 17:06:24 @ server.js line 34
SUCCESS
Listening to Server on Port 3000

**********
Event at 17:06:31 @ server.js line 34
SUCCESS
Listening to Server on Port 3000

**********
Event at 17:06:39 @ app.js line 180 POST:/urls/:id
SUCCESS
Updated short URL by ID
Returned Data: 
--   data :  url : www.google.com 
     id :1
     tynyUrl : tyny.io/7fdcdf0 
     shortUrl : 7fdcdf0 
     key : 43a995d29e 
     createdAt : 2017-02-05T19:49:59.000Z 
     updatedAt : 2017-02-09T22:02:01.000Z   
Requested Data: 
--   body :  url : www.google.com 
     key : 43a995d29e   

**********
Event at 17:07:34 @ app.js line 48 GET:/urls/:id
SUCCESS
Returned URL based on ID
Returned Data: 
--   data :  url : www.google.com 
     id :1
     tynyUrl : tyny.io/7fdcdf0 
     shortUrl : 7fdcdf0 
     key : 43a995d29e 
     createdAt : 2017-02-05T19:49:59.000Z 
     updatedAt : 2017-02-09T22:02:01.000Z   
Requested Data: 
--   body :   

**********
Event at 17:08:37 @ server.js line 34
SUCCESS
Listening to Server on Port 3000

**********
Event at 17:08:40 @ app.js line 48 GET:/urls/:id
SUCCESS
Returned URL based on ID
Returned Data: 
--   data :  url : www.google.com 
     id :1
     tynyUrl : tyny.io/7fdcdf0 
     shortUrl : 7fdcdf0 
     key : 43a995d29e 
     createdAt : 2017-02-05T19:49:59.000Z 
     updatedAt : 2017-02-09T22:02:01.000Z   
Requested Data: 
--   id :  id : 1   

**********
Event at 17:08:49 @ server.js line 34
SUCCESS
Listening to Server on Port 3000

**********
Event at 17:09:0 @ server.js line 34
SUCCESS
Listening to Server on Port 3000

**********
Event at 17:09:10 @ app.js line 81 GET:/urls/user/:id
SUCCESS
Returned URL's based on User Key
Returned Data: 
--   data :  url : daniel-cobb.com 
     id :2
     tynyUrl : tyny.io/04f580b 
     shortUrl : 04f580b 
     key : 2 
     createdAt : 2017-02-05T19:51:46.000Z 
     updatedAt : 2017-02-05T19:51:46.000Z   
Requested Data: 
--   id :  id : 2   

**********
Event at 17:09:36 @ app.js line 19 GET:/urls
SUCCESS
Returned all URL's
Returned Data: 
--   data :[  url : www.google.com 
     id :1
     tynyUrl : tyny.io/7fdcdf0 
     shortUrl : 7fdcdf0 
     key : 43a995d29e 
     createdAt : 2017-02-05T19:49:59.000Z 
     updatedAt : 2017-02-09T22:02:01.000Z  
      url : daniel-cobb.com 
     id :2
     tynyUrl : tyny.io/04f580b 
     shortUrl : 04f580b 
     key : 2 
     createdAt : 2017-02-05T19:51:46.000Z 
     updatedAt : 2017-02-05T19:51:46.000Z  
      url : https://github.com/DPCobb/URL-Shortener 
     id :4
     tynyUrl : tyny.io/8d10273 
     shortUrl : 8d10273 
     key : 43a995d29e 
     createdAt : 2017-02-05T20:16:49.000Z 
     updatedAt : 2017-02-05T20:16:49.000Z  
      url : amazon.com 
     id :5
     tynyUrl : tyny.io/21a9315 
     shortUrl : 21a9315 
     key : 43a995d29e 
     createdAt : 2017-02-08T17:53:29.000Z 
     updatedAt : 2017-02-08T17:53:29.000Z  
      url : amazon.com 
     id :6
     tynyUrl : tyny.io/21a9315 
     shortUrl : 21a9315 
     key : 43a995d29e 
     createdAt : 2017-02-08T17:54:00.000Z 
     updatedAt : 2017-02-08T17:54:00.000Z  
      url : amazon.com 
     id :7
     tynyUrl : tyny.io/21a9315 
     shortUrl : 21a9315 
     key : 43a995d29e 
     createdAt : 2017-02-08T17:54:56.000Z 
     updatedAt : 2017-02-08T17:54:56.000Z  
      url : www.facebook.com 
     id :8
     tynyUrl : tyny.io/c5344bc 
     shortUrl : c5344bc 
     key : 43a995d29e 
     createdAt : 2017-02-08T18:37:59.000Z 
     updatedAt : 2017-02-08T18:37:59.000Z  
      url : https://coderwall.com/p/yphywg/printing-colorful-text-in-terminal-when-run-node-js-script 
     id :9
     tynyUrl : tyny.io/a829a00 
     shortUrl : a829a00 
     key : 43a995d29e 
     createdAt : 2017-02-08T18:40:36.000Z 
     updatedAt : 2017-02-08T18:40:36.000Z  ] 

**********
Event at 17:09:50 @ app.js line 113 DELETE:/urls/:id
SUCCESS
Deleted URL based on ID
Returned Data: 
--   data :1 
Requested Data: 
--   body :  url : www.google.com 
     key : 43a995d29e   

**********
Event at 17:10:27 @ server.js line 34
SUCCESS
Listening to Server on Port 3000

**********
Event at 17:10:31 @ server.js line 34
SUCCESS
Listening to Server on Port 3000

**********
Event at 17:10:37 @ app.js line 113 DELETE:/urls/:id
WARNING - REQUEST RETURNED NULL
Deleted URL based on ID
Returned Data: 
--   data :0 
Requested Data: 
--   id :  id : 7   

**********
Event at 17:11:5 @ server.js line 34
SUCCESS
Listening to Server on Port 3000

**********
Event at 17:11:9 @ server.js line 34
SUCCESS
Listening to Server on Port 3000

**********
Event at 17:11:24 @ app.js line 81 GET:/urls/user/:id
SUCCESS
Returned URL's based on User Key
Returned Data: 
--   data :  url : www.google.com 
     id :1
     tynyUrl : tyny.io/7fdcdf0 
     shortUrl : 7fdcdf0 
     key : 43a995d29e 
     createdAt : 2017-02-05T19:49:59.000Z 
     updatedAt : 2017-02-09T22:02:01.000Z   
Requested Data: 
--   id :  id : 43a995d29e   

**********
Event at 17:12:25 @ server.js line 34
SUCCESS
Listening to Server on Port 3000

**********
Event at 17:12:27 @ server.js line 34
SUCCESS
Listening to Server on Port 3000

**********
Event at 17:12:40 @ app.js line 180 POST:/urls/:id
SUCCESS
Updated short URL by ID
Returned Data: 
--   data :  url : www.google.com 
     id :1
     tynyUrl : tyny.io/7fdcdf0 
     shortUrl : 7fdcdf0 
     key : 43a995d29e 
     createdAt : 2017-02-05T19:49:59.000Z 
     updatedAt : 2017-02-09T22:02:01.000Z   
Requested Data: 
--   body :  url : www.google.com 
     key : 43a995d29e   

**********
Event at 17:13:7 @ server.js line 34
SUCCESS
Listening to Server on Port 3000

**********
Event at 17:13:22 @ go.js line 15 GET:/:id
SUCCESS
Redirected User to external URL
Requested Data: 
--   target : www.google.com  

**********
Event at 17:14:15 @ server.js line 34
SUCCESS
Listening to Server on Port 3000

**********
Event at 17:14:29 @ server.js line 34
SUCCESS
Listening to Server on Port 3000

**********
Event at 17:15:3 @ server.js line 34
SUCCESS
Listening to Server on Port 3000

**********
Event at 17:15:36 @ link.js line 15 GET:/:url
SUCCESS
Redirected User to external URL
Requested Data: 
--   target : www.google.com  

**********
Event at 17:23:43 @ server.js line 34
SUCCESS
Listening to Server on Port 3000

**********
Event at 17:24:2 @ server.js line 34
SUCCESS
Listening to Server on Port 3000

**********
Event at 17:24:15 @ server.js line 34
SUCCESS
Listening to Server on Port 3000

**********
Event at 17:24:54 @ server.js line 34
SUCCESS
Listening to Server on Port 3000

**********
Event at 17:25:5 @ app.js line 48 GET:/urls/:id
SUCCESS
Returned URL based on ID
Returned Data: 
--   data :  url : www.google.com 
     id :1
     tynyUrl : tyny.io/7fdcdf0 
     shortUrl : 7fdcdf0 
     key : 43a995d29e 
     createdAt : 2017-02-05T19:49:59.000Z 
     updatedAt : 2017-02-09T22:02:01.000Z   
Requested Data: 
--   id :  id : 1   

**********
Event at 17:26:19 @ server.js line 34
SUCCESS
Listening to Server on Port 3000

**********
Event at 17:27:46 @ server.js line 34
SUCCESS
Listening to Server on Port 3000

**********
Event at 17:28:10 @ server.js line 34
SUCCESS
Listening to Server on Port 3000

**********
Event at 17:29:19 @ server.js line 34
SUCCESS
Listening to Server on Port 3000

**********
Event at 17:30:24 @ server.js line 34
SUCCESS
Listening to Server on Port 3000

**********
Event at 17:39:1 @ server.js line 34
SUCCESS
Listening to Server on Port 3000

**********
Event at 17:40:17 @ server.js line 34
SUCCESS
Listening to Server on Port 3000

**********
Event at 17:42:30 @ app.js line 48 GET:/urls/:id
WARNING - REQUEST RETURNED NULL
Returned URL based on ID
Returned Data: 
--   data :null 
Requested Data: 
--   id :  id : 177777777   