**********
Event at 16:21:12 @ server.js line 34
SUCCESS
Listening to Server on Port 3000
{"email":"example@example.com","pass":"Your password"}


**********
Event at 16:23:32 @ server.js line 34
SUCCESS
Listening to Server on Port 3000
{"email":"example@example.com","pass":"Your password"}

**********
Event at 16:23:52 @ server.js line 34
SUCCESS
Listening to Server on Port 3000
{"email":"example@example.com","pass":"Your password"}

**********
Event at 16:24:56 @ server.js line 34
SUCCESS
Listening to Server on Port 3000
{"email":"example@example.com","pass":"Your password"}

**********
Event at 16:25:8 @ server.js line 34
SUCCESS
Listening to Server on Port 3000
{"email":"example@example.com","pass":"Your password"}

**********
Event at 16:25:41 @ server.js line 34
SUCCESS
Listening to Server on Port 3000
{"email":"example@example.com","pass":"Your password"}

**********
Event at 16:26:17 @ server.js line 34
SUCCESS
Listening to Server on Port 3000
{"email":"example@example.com","pass":"Your password"}

**********
Event at 16:28:10 @ server.js line 34
SUCCESS
Listening to Server on Port 3000
{"email":"example@example.com","pass":"Your password"}

**********
Event at 16:28:19 @ server.js line 34
SUCCESS
Listening to Server on Port 3000
{"email":"example@example.com","pass":"Your password"}

**********
Event at 16:30:59 @ server.js line 34
SUCCESS
Listening to Server on Port 3000
{"email":"example@example.com","pass":"Your password"}

**********
Event at 16:31:22 @ server.js line 34
SUCCESS
Listening to Server on Port 3000
{"email":"example@example.com","pass":"Your password"}

**********
Event at 16:31:32 @ app.js line 19
SUCCESS
Returned all URL's

**********
Event at 16:32:1 @ server.js line 34
SUCCESS
Listening to Server on Port 3000
{"email":"example@example.com","pass":"Your password"}

**********
Event at 16:32:17 @ server.js line 34
SUCCESS
Listening to Server on Port 3000
{"email":"example@example.com","pass":"Your password"}

**********
Event at 16:32:25 @ server.js line 34
SUCCESS
Listening to Server on Port 3000
{"email":"example@example.com","pass":"Your password"}

**********
Event at 16:32:43 @ server.js line 34
SUCCESS
Listening to Server on Port 3000
{"email":"example@example.com","pass":"Your password"}

**********
Event at 16:33:52 @ server.js line 34
SUCCESS
Listening to Server on Port 3000
{"email":"example@example.com","pass":"Your password"}

**********
Event at 16:34:3 @ app.js line 42
SUCCESS
Returned URL based on ID
{"data":null}

**********
Event at 16:34:21 @ app.js line 42
SUCCESS
Returned URL based on ID
{"data":null}

**********
Event at 16:34:29 @ app.js line 42
SUCCESS
Returned URL based on ID
{"data":{"url":"http://www.google.com","id":1,"tynyUrl":"tyny.io/7fdcdf0","shortUrl":"7fdcdf0","key":"43a995d29e","createdAt":"2017-02-05T19:49:59.000Z","updatedAt":"2017-02-05T20:11:27.000Z"}}

**********
Event at 16:37:7 @ server.js line 34
SUCCESS
Listening to Server on Port 3000
{"email":"example@example.com","pass":"Your password"}

**********
Event at 16:38:2 @ server.js line 34
SUCCESS
Listening to Server on Port 3000
{"email":"example@example.com","pass":"Your password"}

**********
Event at 16:38:8 @ app.js line 42
SUCCESS
Returned URL based on ID
{"data":{"url":"http://www.google.com","id":1,"tynyUrl":"tyny.io/7fdcdf0","shortUrl":"7fdcdf0","key":"43a995d29e","createdAt":"2017-02-05T19:49:59.000Z","updatedAt":"2017-02-05T20:11:27.000Z"}}
{"body":{"id":"1"}}

**********
Event at 16:38:44 @ server.js line 34
SUCCESS
Listening to Server on Port 3000
Returned Data: 
{"email":"example@example.com","pass":"Your password"}

**********
Event at 16:38:49 @ app.js line 42
SUCCESS
Returned URL based on ID
Returned Data: 
{"data":{"url":"http://www.google.com","id":1,"tynyUrl":"tyny.io/7fdcdf0","shortUrl":"7fdcdf0","key":"43a995d29e","createdAt":"2017-02-05T19:49:59.000Z","updatedAt":"2017-02-05T20:11:27.000Z"}}
Data Passed: 
{"body":{"id":"1"}}

**********
Event at 16:39:50 @ server.js line 34
SUCCESS
Listening to Server on Port 3000
Returned Data: 
-- {"email":"example@example.com","pass":"Your password"}

**********
Event at 16:40:0 @ app.js line 42
SUCCESS
Returned URL based on ID
Returned Data: 
-- {"data":{"url":"http://www.google.com","id":1,"tynyUrl":"tyny.io/7fdcdf0","shortUrl":"7fdcdf0","key":"43a995d29e","createdAt":"2017-02-05T19:49:59.000Z","updatedAt":"2017-02-05T20:11:27.000Z"}}
Data Passed: 
-- {"body":{"id":"1"}}

**********
Event at 16:44:16 @ server.js line 34
SUCCESS
Listening to Server on Port 3000
Returned Data: 
-- {"email":"example@example.com"
"pass":"Your password"}

**********
Event at 16:44:33 @ server.js line 34
SUCCESS
Listening to Server on Port 3000
Returned Data: 
-- {"email":"example@example.com"
     "pass":"Your password"}

**********
Event at 16:44:39 @ server.js line 34
SUCCESS
Listening to Server on Port 3000
Returned Data: 
-- {"email":"example@example.com"
    "pass":"Your password"}

**********
Event at 16:44:41 @ server.js line 34
SUCCESS
Listening to Server on Port 3000
Returned Data: 
-- {"email":"example@example.com"
    "pass":"Your password"}

**********
Event at 16:46:4 @ server.js line 34
SUCCESS
Listening to Server on Port 3000
Returned Data: 
-- {"email":"example@example.com"
    "pass":"Your password"}

**********
Event at 16:46:11 @ server.js line 34
SUCCESS
Listening to Server on Port 3000
Returned Data: 
--  "email":"example@example.com"
    "pass":"Your password"}

**********
Event at 16:46:30 @ server.js line 34
SUCCESS
Listening to Server on Port 3000
Returned Data: 
-- {"email":"example@example.com"
    "pass":"Your password"}

**********
Event at 16:46:35 @ server.js line 34
SUCCESS
Listening to Server on Port 3000
Returned Data: 
-- {"email":"example@example.com"
    "pass":"Your password"}

**********
Event at 16:47:2 @ server.js line 34
SUCCESS
Listening to Server on Port 3000
Returned Data: 
-- {"email":"example@example.com"
    "pass":"Your password"}

**********
Event at 16:47:4 @ server.js line 34
SUCCESS
Listening to Server on Port 3000
Returned Data: 
-- {"email":"example@example.com"
    "pass":"Your password"}

**********
Event at 16:47:9 @ server.js line 34
SUCCESS
Listening to Server on Port 3000
Returned Data: 
-- {"email":"example@example.com"
    "pass":"Your password"}

**********
Event at 16:48:0 @ server.js line 34
SUCCESS
Listening to Server on Port 3000
Returned Data: 
--  "email":"example@example.com"
    "pass":"Your password" 

**********
Event at 16:48:21 @ server.js line 34
SUCCESS
Listening to Server on Port 3000
Returned Data: 
--  "email":"example@example.com"
    "pass":"Your password" 

**********
Event at 16:48:27 @ app.js line 42
SUCCESS
Returned URL based on ID
Returned Data: 
--  "data": "url":"http://www.google.com"
    "id":1
    "tynyUrl":"tyny.io/7fdcdf0"
    "shortUrl":"7fdcdf0"
    "key":"43a995d29e"
    "createdAt":"2017-02-05T19:49:59.000Z"
    "updatedAt":"2017-02-05T20:11:27.000Z"  
Data Passed: 
--  "body": "id":"1"  

**********
Event at 16:48:52 @ server.js line 34
SUCCESS
Listening to Server on Port 3000
Returned Data: 
--   email : example@example.com 
     pass : Your password  

**********
Event at 16:49:9 @ app.js line 42
SUCCESS
Returned URL based on ID
Returned Data: 
--   data :  url : http://www.google.com 
     id :1
     tynyUrl : tyny.io/7fdcdf0 
     shortUrl : 7fdcdf0 
     key : 43a995d29e 
     createdAt : 2017-02-05T19:49:59.000Z 
     updatedAt : 2017-02-05T20:11:27.000Z   
Data Passed: 
--   body :  id : 1   

**********
Event at 16:50:55 @ server.js line 34
SUCCESS
Listening to Server on Port 3000

**********
Event at 16:53:3 @ server.js line 34
SUCCESS
Listening to Server on Port 3000

**********
Event at 16:56:0 @ server.js line 34
SUCCESS
Listening to Server on Port 3000

**********
Event at 16:56:14 @ server.js line 34
SUCCESS
Listening to Server on Port 3000