

**********
Event at 13:06:44 @ server.js line 34
SUCCESS
Listening to Server on Port 3000

**********
Event at 13:06:44 @ app.js line 19 GET:/urls
ERROR
Could not update short URL by ID
Returned Data: 
 SequelizeConnectionRefusedError: connect ECONNREFUSED 127.0.0.1:8889
Requested Data: 
--   body :   

**********
Event at 13:06:44 @ __app.js line 14
SUCCESS
TEST: Get all urls
Returned Data: 
--   data :  name : SequelizeConnectionRefusedError 
     message : connect ECONNREFUSED 127.0.0.1:8889 
     parent :  code : ECONNREFUSED 
     errno : ECONNREFUSED 
     syscall : connect 
     address : 127.0.0.1 
     port :8889
     fatal :true 
     original :  code : ECONNREFUSED 
     errno : ECONNREFUSED 
     syscall : connect 
     address : 127.0.0.1 
     port :8889
     fatal :true   

**********
Event at 13:06:44 @ shortener.js line 8
SUCCESS
Created a Short URL
Returned Data: 
--   data :  url : https://www.example.com 
     tynyUrl : tyny.io/9fa2de7 
     shortUrl : 9fa2de7 
     key : xxx   

**********
Event at 13:06:44 @ app.js line 146 POST:/urls
ERROR
Could not update short URL by ID
Returned Data: 
 SequelizeConnectionRefusedError: connect ECONNREFUSED 127.0.0.1:8889
Requested Data: 
--   body :  url : https://www.example.com 
     key : xxx   

**********
Event at 13:06:44 @ __app.js
SUCCESS
TEST: Create New URL
Returned Data: 
--   data :  name : SequelizeConnectionRefusedError 
     message : connect ECONNREFUSED 127.0.0.1:8889 
     parent :  code : ECONNREFUSED 
     errno : ECONNREFUSED 
     syscall : connect 
     address : 127.0.0.1 
     port :8889
     fatal :true 
     original :  code : ECONNREFUSED 
     errno : ECONNREFUSED 
     syscall : connect 
     address : 127.0.0.1 
     port :8889
     fatal :true   

**********
Event at 13:06:44 @ app.js line 213 POST:/create
ERROR
Could not update short URL by ID
Returned Data: 
 SequelizeConnectionRefusedError: connect ECONNREFUSED 127.0.0.1:8889
Requested Data: 
--   body :  email : test@example.com 
     pass : xxx   

**********
Event at 13:06:44 @ __app.js
SUCCESS
TEST: Create New user
Returned Data: 
--   data :  name : SequelizeConnectionRefusedError 
     message : connect ECONNREFUSED 127.0.0.1:8889 
     parent :  code : ECONNREFUSED 
     errno : ECONNREFUSED 
     syscall : connect 
     address : 127.0.0.1 
     port :8889
     fatal :true 
     original :  code : ECONNREFUSED 
     errno : ECONNREFUSED 
     syscall : connect 
     address : 127.0.0.1 
     port :8889
     fatal :true   

**********
Event at 13:06:44 @ app.js line 180 POST:/urls/:id
ERROR
Could not update short URL by ID
Returned Data: 
 SequelizeConnectionRefusedError: connect ECONNREFUSED 127.0.0.1:8889
Requested Data: 
--   update :  id : undefined 
     body :  url : www.example.com 
     key : xxx    

**********
Event at 13:06:44 @ __app.js
SUCCESS
TEST: Create New URL
Returned Data: 
--   data :  name : SequelizeConnectionRefusedError 
     message : connect ECONNREFUSED 127.0.0.1:8889 
     parent :  code : ECONNREFUSED 
     errno : ECONNREFUSED 
     syscall : connect 
     address : 127.0.0.1 
     port :8889
     fatal :true 
     original :  code : ECONNREFUSED 
     errno : ECONNREFUSED 
     syscall : connect 
     address : 127.0.0.1 
     port :8889
     fatal :true   

**********
Event at 13:06:44 @ app.js line 113 DELETE:/urls/:id
ERROR
Could not update short URL by ID
Returned Data: 
 SequelizeConnectionRefusedError: connect ECONNREFUSED 127.0.0.1:8889
Requested Data: 
--   body :   

**********
Event at 13:06:44 @ __app.js
SUCCESS
TEST: Delete URL
Returned Data: 
--   data :  name : SequelizeConnectionRefusedError 
     message : connect ECONNREFUSED 127.0.0.1:8889 
     parent :  code : ECONNREFUSED 
     errno : ECONNREFUSED 
     syscall : connect 
     address : 127.0.0.1 
     port :8889
     fatal :true 
     original :  code : ECONNREFUSED 
     errno : ECONNREFUSED 
     syscall : connect 
     address : 127.0.0.1 
     port :8889
     fatal :true   

**********
Event at 13:08:0 @ server.js line 34
SUCCESS
Listening to Server on Port 3000

**********
Event at 13:08:0 @ app.js line 19 GET:/urls
SUCCESS
Returned all URL's
Returned Data: 
--   data :[  url : www.google.com 
     id :1
     tynyUrl : tyny.io/7fdcdf0 
     shortUrl : 7fdcdf0 
     key : 43a995d29e 
     createdAt : 2017-02-05T19:49:59.000Z 
     updatedAt : 2017-02-09T22:02:01.000Z  
      url : daniel-cobb.com 
     id :2
     tynyUrl : tyny.io/04f580b 
     shortUrl : 04f580b 
     key : 2 
     createdAt : 2017-02-05T19:51:46.000Z 
     updatedAt : 2017-02-05T19:51:46.000Z  
      url : https://github.com/DPCobb/URL-Shortener 
     id :4
     tynyUrl : tyny.io/8d10273 
     shortUrl : 8d10273 
     key : 43a995d29e 
     createdAt : 2017-02-05T20:16:49.000Z 
     updatedAt : 2017-02-05T20:16:49.000Z  
      url : amazon.com 
     id :5
     tynyUrl : tyny.io/21a9315 
     shortUrl : 21a9315 
     key : 43a995d29e 
     createdAt : 2017-02-08T17:53:29.000Z 
     updatedAt : 2017-02-08T17:53:29.000Z  
      url : amazon.com 
     id :6
     tynyUrl : tyny.io/21a9315 
     shortUrl : 21a9315 
     key : 43a995d29e 
     createdAt : 2017-02-08T17:54:00.000Z 
     updatedAt : 2017-02-08T17:54:00.000Z  
      url : www.facebook.com 
     id :8
     tynyUrl : tyny.io/c5344bc 
     shortUrl : c5344bc 
     key : 43a995d29e 
     createdAt : 2017-02-08T18:37:59.000Z 
     updatedAt : 2017-02-08T18:37:59.000Z  
      url : https://coderwall.com/p/yphywg/printing-colorful-text-in-terminal-when-run-node-js-script 
     id :9
     tynyUrl : tyny.io/a829a00 
     shortUrl : a829a00 
     key : 43a995d29e 
     createdAt : 2017-02-08T18:40:36.000Z 
     updatedAt : 2017-02-08T18:40:36.000Z  ] 

**********
Event at 13:08:0 @ __app.js line 14
SUCCESS
TEST: Get all urls
Returned Data: 
--   data :[  url : www.google.com 
     id :1
     tynyUrl : tyny.io/7fdcdf0 
     shortUrl : 7fdcdf0 
     key : 43a995d29e 
     createdAt : 2017-02-05T19:49:59.000Z 
     updatedAt : 2017-02-09T22:02:01.000Z  
      url : daniel-cobb.com 
     id :2
     tynyUrl : tyny.io/04f580b 
     shortUrl : 04f580b 
     key : 2 
     createdAt : 2017-02-05T19:51:46.000Z 
     updatedAt : 2017-02-05T19:51:46.000Z  
      url : https://github.com/DPCobb/URL-Shortener 
     id :4
     tynyUrl : tyny.io/8d10273 
     shortUrl : 8d10273 
     key : 43a995d29e 
     createdAt : 2017-02-05T20:16:49.000Z 
     updatedAt : 2017-02-05T20:16:49.000Z  
      url : amazon.com 
     id :5
     tynyUrl : tyny.io/21a9315 
     shortUrl : 21a9315 
     key : 43a995d29e 
     createdAt : 2017-02-08T17:53:29.000Z 
     updatedAt : 2017-02-08T17:53:29.000Z  
      url : amazon.com 
     id :6
     tynyUrl : tyny.io/21a9315 
     shortUrl : 21a9315 
     key : 43a995d29e 
     createdAt : 2017-02-08T17:54:00.000Z 
     updatedAt : 2017-02-08T17:54:00.000Z  
      url : www.facebook.com 
     id :8
     tynyUrl : tyny.io/c5344bc 
     shortUrl : c5344bc 
     key : 43a995d29e 
     createdAt : 2017-02-08T18:37:59.000Z 
     updatedAt : 2017-02-08T18:37:59.000Z  
      url : https://coderwall.com/p/yphywg/printing-colorful-text-in-terminal-when-run-node-js-script 
     id :9
     tynyUrl : tyny.io/a829a00 
     shortUrl : a829a00 
     key : 43a995d29e 
     createdAt : 2017-02-08T18:40:36.000Z 
     updatedAt : 2017-02-08T18:40:36.000Z  ] 

**********
Event at 13:08:0 @ shortener.js line 8
SUCCESS
Created a Short URL
Returned Data: 
--   data :  url : https://www.example.com 
     tynyUrl : tyny.io/9fa2de7 
     shortUrl : 9fa2de7 
     key : xxx   

**********
Event at 13:08:0 @ app.js line 146 POST:/urls
SUCCESS
Created short URL
Returned Data: 
--   data :  id :10
     url : https://www.example.com 
     tynyUrl : tyny.io/9fa2de7 
     shortUrl : 9fa2de7 
     key : xxx 
     updatedAt : 2017-02-12T18:08:00.000Z 
     createdAt : 2017-02-12T18:08:00.000Z   
Requested Data: 
--   body :  url : https://www.example.com 
     key : xxx   

**********
Event at 13:08:0 @ __app.js
SUCCESS
TEST: Create New URL
Returned Data: 
--   data :  id :10
     url : https://www.example.com 
     tynyUrl : tyny.io/9fa2de7 
     shortUrl : 9fa2de7 
     key : xxx 
     updatedAt : 2017-02-12T18:08:00.000Z 
     createdAt : 2017-02-12T18:08:00.000Z   

**********
Event at 13:08:0 @ app.js line 213 POST:/create
SUCCESS
Created new User Key
Returned Data: 
--   data :  email : test@example.com 
     pass : xxx 
     key : 26d4c9dee4   
Requested Data: 
--   body :  email : test@example.com 
     pass : xxx   

**********
Event at 13:08:0 @ __app.js
SUCCESS
TEST: Create New user
Returned Data: 
--   data :  email : test@example.com 
     pass : xxx 
     key : 26d4c9dee4   

**********
Event at 13:08:0 @ app.js line 48 GET:/urls/:id
SUCCESS
Returned URL based on ID
Returned Data: 
--   data :  url : www.google.com 
     id :1
     tynyUrl : tyny.io/7fdcdf0 
     shortUrl : 7fdcdf0 
     key : 43a995d29e 
     createdAt : 2017-02-05T19:49:59.000Z 
     updatedAt : 2017-02-09T22:02:01.000Z   
Requested Data: 
--   id :  id : 1   

**********
Event at 13:08:0 @ __app.js
SUCCESS
TEST: /urls/1
Returned Data: 
--   data :  url : www.google.com 
     id :1
     tynyUrl : tyny.io/7fdcdf0 
     shortUrl : 7fdcdf0 
     key : 43a995d29e 
     createdAt : 2017-02-05T19:49:59.000Z 
     updatedAt : 2017-02-09T22:02:01.000Z   

**********
Event at 13:08:0 @ app.js line 81 GET:/urls/user/:id
SUCCESS
Returned URL's based on User Key
Returned Data: 
--   data :  url : www.google.com 
     id :1
     tynyUrl : tyny.io/7fdcdf0 
     shortUrl : 7fdcdf0 
     key : 43a995d29e 
     createdAt : 2017-02-05T19:49:59.000Z 
     updatedAt : 2017-02-09T22:02:01.000Z   
Requested Data: 
--   id :  id : 43a995d29e   

**********
Event at 13:08:0 @ __app.js
SUCCESS
TEST: /urls/user/43a995d29e
Returned Data: 
--   data :  url : www.google.com 
     id :1
     tynyUrl : tyny.io/7fdcdf0 
     shortUrl : 7fdcdf0 
     key : 43a995d29e 
     createdAt : 2017-02-05T19:49:59.000Z 
     updatedAt : 2017-02-09T22:02:01.000Z   

**********
Event at 13:08:0 @ go.js line 15 GET:/:id
SUCCESS
Redirected User to external URL
Requested Data: 
--   target : www.google.com  

**********
Event at 13:08:0 @ __app.js
SUCCESS
TEST: /go/1
Returned Data: 
--   data :   

**********
Event at 13:08:0 @ link.js line 15 GET:/:url
SUCCESS
Redirected User to external URL
Requested Data: 
--   target : www.google.com  

**********
Event at 13:08:0 @ __app.js
SUCCESS
TEST: /7fdcdf0
Returned Data: 
--   data :   

**********
Event at 13:08:0 @ go.js line 65 GET:/:prefix/:url
SUCCESS
Redirected User to external URL
Requested Data: 
--   target : www.google.com  

**********
Event at 13:08:0 @ __app.js
SUCCESS
TEST: /go/tyny.io/7fdcdf0
Returned Data: 
--   data :   

**********
Event at 13:08:0 @ app.js line 180 POST:/urls/:id
SUCCESS
Updated short URL by ID
Returned Data: 
--   data :  url : www.example.com 
     id :10
     tynyUrl : tyny.io/9fa2de7 
     shortUrl : 9fa2de7 
     key : xxx 
     createdAt : 2017-02-12T18:08:00.000Z 
     updatedAt : 2017-02-12T18:08:00.000Z   
Requested Data: 
--   body :  url : www.example.com 
     key : xxx   

**********
Event at 13:08:0 @ __app.js
SUCCESS
TEST: Create New URL
Returned Data: 
--   data :  url : www.example.com 
     id :10
     tynyUrl : tyny.io/9fa2de7 
     shortUrl : 9fa2de7 
     key : xxx 
     createdAt : 2017-02-12T18:08:00.000Z 
     updatedAt : 2017-02-12T18:08:00.000Z   

**********
Event at 13:08:0 @ app.js line 113 DELETE:/urls/:id
SUCCESS
Deleted URL based on ID
Returned Data: 
--   data :1 
Requested Data: 
--   id :  id : 10   

**********
Event at 13:08:0 @ __app.js
SUCCESS
TEST: Delete URL
Returned Data: 
--   data :1 

**********
Event at 13:13:26 @ server.js line 34
SUCCESS
Listening to Server on Port 3000

**********
Event at 13:13:26 @ app.js line 19 GET:/urls
SUCCESS
Returned all URL's
Returned Data: 
--   data :[  url : www.google.com 
     id :1
     tynyUrl : tyny.io/7fdcdf0 
     shortUrl : 7fdcdf0 
     key : 43a995d29e 
     createdAt : 2017-02-05T19:49:59.000Z 
     updatedAt : 2017-02-09T22:02:01.000Z  
      url : daniel-cobb.com 
     id :2
     tynyUrl : tyny.io/04f580b 
     shortUrl : 04f580b 
     key : 2 
     createdAt : 2017-02-05T19:51:46.000Z 
     updatedAt : 2017-02-05T19:51:46.000Z  
      url : https://github.com/DPCobb/URL-Shortener 
     id :4
     tynyUrl : tyny.io/8d10273 
     shortUrl : 8d10273 
     key : 43a995d29e 
     createdAt : 2017-02-05T20:16:49.000Z 
     updatedAt : 2017-02-05T20:16:49.000Z  
      url : amazon.com 
     id :5
     tynyUrl : tyny.io/21a9315 
     shortUrl : 21a9315 
     key : 43a995d29e 
     createdAt : 2017-02-08T17:53:29.000Z 
     updatedAt : 2017-02-08T17:53:29.000Z  
      url : amazon.com 
     id :6
     tynyUrl : tyny.io/21a9315 
     shortUrl : 21a9315 
     key : 43a995d29e 
     createdAt : 2017-02-08T17:54:00.000Z 
     updatedAt : 2017-02-08T17:54:00.000Z  
      url : www.facebook.com 
     id :8
     tynyUrl : tyny.io/c5344bc 
     shortUrl : c5344bc 
     key : 43a995d29e 
     createdAt : 2017-02-08T18:37:59.000Z 
     updatedAt : 2017-02-08T18:37:59.000Z  
      url : https://coderwall.com/p/yphywg/printing-colorful-text-in-terminal-when-run-node-js-script 
     id :9
     tynyUrl : tyny.io/a829a00 
     shortUrl : a829a00 
     key : 43a995d29e 
     createdAt : 2017-02-08T18:40:36.000Z 
     updatedAt : 2017-02-08T18:40:36.000Z  ] 

**********
Event at 13:13:26 @ __app.js line 14
SUCCESS
TEST: Get all urls
Returned Data: 
--   data :[  url : www.google.com 
     id :1
     tynyUrl : tyny.io/7fdcdf0 
     shortUrl : 7fdcdf0 
     key : 43a995d29e 
     createdAt : 2017-02-05T19:49:59.000Z 
     updatedAt : 2017-02-09T22:02:01.000Z  
      url : daniel-cobb.com 
     id :2
     tynyUrl : tyny.io/04f580b 
     shortUrl : 04f580b 
     key : 2 
     createdAt : 2017-02-05T19:51:46.000Z 
     updatedAt : 2017-02-05T19:51:46.000Z  
      url : https://github.com/DPCobb/URL-Shortener 
     id :4
     tynyUrl : tyny.io/8d10273 
     shortUrl : 8d10273 
     key : 43a995d29e 
     createdAt : 2017-02-05T20:16:49.000Z 
     updatedAt : 2017-02-05T20:16:49.000Z  
      url : amazon.com 
     id :5
     tynyUrl : tyny.io/21a9315 
     shortUrl : 21a9315 
     key : 43a995d29e 
     createdAt : 2017-02-08T17:53:29.000Z 
     updatedAt : 2017-02-08T17:53:29.000Z  
      url : amazon.com 
     id :6
     tynyUrl : tyny.io/21a9315 
     shortUrl : 21a9315 
     key : 43a995d29e 
     createdAt : 2017-02-08T17:54:00.000Z 
     updatedAt : 2017-02-08T17:54:00.000Z  
      url : www.facebook.com 
     id :8
     tynyUrl : tyny.io/c5344bc 
     shortUrl : c5344bc 
     key : 43a995d29e 
     createdAt : 2017-02-08T18:37:59.000Z 
     updatedAt : 2017-02-08T18:37:59.000Z  
      url : https://coderwall.com/p/yphywg/printing-colorful-text-in-terminal-when-run-node-js-script 
     id :9
     tynyUrl : tyny.io/a829a00 
     shortUrl : a829a00 
     key : 43a995d29e 
     createdAt : 2017-02-08T18:40:36.000Z 
     updatedAt : 2017-02-08T18:40:36.000Z  ] 

**********
Event at 13:13:26 @ shortener.js line 8
SUCCESS
Created a Short URL
Returned Data: 
--   data :  url : https://www.example.com 
     tynyUrl : tyny.io/9fa2de7 
     shortUrl : 9fa2de7 
     key : xxx   

**********
Event at 13:13:26 @ app.js line 146 POST:/urls
SUCCESS
Created short URL
Returned Data: 
--   data :  id :11
     url : https://www.example.com 
     tynyUrl : tyny.io/9fa2de7 
     shortUrl : 9fa2de7 
     key : xxx 
     updatedAt : 2017-02-12T18:13:26.000Z 
     createdAt : 2017-02-12T18:13:26.000Z   
Requested Data: 
--   body :  url : https://www.example.com 
     key : xxx   

**********
Event at 13:13:26 @ __app.js
SUCCESS
TEST: Create New URL
Returned Data: 
--   data :  id :11
     url : https://www.example.com 
     tynyUrl : tyny.io/9fa2de7 
     shortUrl : 9fa2de7 
     key : xxx 
     updatedAt : 2017-02-12T18:13:26.000Z 
     createdAt : 2017-02-12T18:13:26.000Z   

**********
Event at 13:13:26 @ app.js line 213 POST:/create
SUCCESS
Created new User Key
Returned Data: 
--   data :  email : test@example.com 
     pass : xxx 
     key : 26d4c9dee4   
Requested Data: 
--   body :  email : test@example.com 
     pass : xxx   

**********
Event at 13:13:26 @ __app.js
SUCCESS
TEST: Create New user
Returned Data: 
--   data :  email : test@example.com 
     pass : xxx 
     key : 26d4c9dee4   

**********
Event at 13:13:26 @ app.js line 48 GET:/urls/:id
SUCCESS
Returned URL based on ID
Returned Data: 
--   data :  url : www.google.com 
     id :1
     tynyUrl : tyny.io/7fdcdf0 
     shortUrl : 7fdcdf0 
     key : 43a995d29e 
     createdAt : 2017-02-05T19:49:59.000Z 
     updatedAt : 2017-02-09T22:02:01.000Z   
Requested Data: 
--   id :  id : 1   

**********
Event at 13:13:26 @ __app.js
SUCCESS
TEST: /urls/1
Returned Data: 
--   data :  url : www.google.com 
     id :1
     tynyUrl : tyny.io/7fdcdf0 
     shortUrl : 7fdcdf0 
     key : 43a995d29e 
     createdAt : 2017-02-05T19:49:59.000Z 
     updatedAt : 2017-02-09T22:02:01.000Z   

**********
Event at 13:13:26 @ app.js line 81 GET:/urls/user/:id
SUCCESS
Returned URL's based on User Key
Returned Data: 
--   data :  url : www.google.com 
     id :1
     tynyUrl : tyny.io/7fdcdf0 
     shortUrl : 7fdcdf0 
     key : 43a995d29e 
     createdAt : 2017-02-05T19:49:59.000Z 
     updatedAt : 2017-02-09T22:02:01.000Z   
Requested Data: 
--   id :  id : 43a995d29e   

**********
Event at 13:13:26 @ __app.js
SUCCESS
TEST: /urls/user/43a995d29e
Returned Data: 
--   data :  url : www.google.com 
     id :1
     tynyUrl : tyny.io/7fdcdf0 
     shortUrl : 7fdcdf0 
     key : 43a995d29e 
     createdAt : 2017-02-05T19:49:59.000Z 
     updatedAt : 2017-02-09T22:02:01.000Z   

**********
Event at 13:13:26 @ go.js line 15 GET:/:id
SUCCESS
Redirected User to external URL
Requested Data: 
--   target : www.google.com  

**********
Event at 13:13:26 @ __app.js
SUCCESS
TEST: /go/1
Returned Data: 
--   data :   

**********
Event at 13:13:26 @ link.js line 15 GET:/:url
SUCCESS
Redirected User to external URL
Requested Data: 
--   target : www.google.com  

**********
Event at 13:13:26 @ __app.js
SUCCESS
TEST: /7fdcdf0
Returned Data: 
--   data :   

**********
Event at 13:13:26 @ go.js line 65 GET:/:prefix/:url
SUCCESS
Redirected User to external URL
Requested Data: 
--   target : www.google.com  

**********
Event at 13:13:26 @ __app.js
SUCCESS
TEST: /go/tyny.io/7fdcdf0
Returned Data: 
--   data :   

**********
Event at 13:13:26 @ app.js line 180 POST:/urls/:id
SUCCESS
Updated short URL by ID
Returned Data: 
--   data :  url : www.example.com 
     id :11
     tynyUrl : tyny.io/9fa2de7 
     shortUrl : 9fa2de7 
     key : xxx 
     createdAt : 2017-02-12T18:13:26.000Z 
     updatedAt : 2017-02-12T18:13:26.000Z   
Requested Data: 
--   body :  url : www.example.com 
     key : xxx   

**********
Event at 13:13:26 @ __app.js
SUCCESS
TEST: Create New URL
Returned Data: 
--   data :  url : www.example.com 
     id :11
     tynyUrl : tyny.io/9fa2de7 
     shortUrl : 9fa2de7 
     key : xxx 
     createdAt : 2017-02-12T18:13:26.000Z 
     updatedAt : 2017-02-12T18:13:26.000Z   

**********
Event at 13:13:26 @ app.js line 113 DELETE:/urls/:id
SUCCESS
Deleted URL based on ID
Returned Data: 
--   data :1 
Requested Data: 
--   id :  id : 11   

**********
Event at 13:13:26 @ __app.js
SUCCESS
TEST: Delete URL
Returned Data: 
--   data :1 

**********
Event at 13:14:9 @ server.js line 34
SUCCESS
Listening to Server on Port 3000

**********
Event at 13:14:10 @ app.js line 19 GET:/urls
SUCCESS
Returned all URL's
Returned Data: 
--   data :[  url : www.google.com 
     id :1
     tynyUrl : tyny.io/7fdcdf0 
     shortUrl : 7fdcdf0 
     key : 43a995d29e 
     createdAt : 2017-02-05T19:49:59.000Z 
     updatedAt : 2017-02-09T22:02:01.000Z  
      url : daniel-cobb.com 
     id :2
     tynyUrl : tyny.io/04f580b 
     shortUrl : 04f580b 
     key : 2 
     createdAt : 2017-02-05T19:51:46.000Z 
     updatedAt : 2017-02-05T19:51:46.000Z  
      url : https://github.com/DPCobb/URL-Shortener 
     id :4
     tynyUrl : tyny.io/8d10273 
     shortUrl : 8d10273 
     key : 43a995d29e 
     createdAt : 2017-02-05T20:16:49.000Z 
     updatedAt : 2017-02-05T20:16:49.000Z  
      url : amazon.com 
     id :5
     tynyUrl : tyny.io/21a9315 
     shortUrl : 21a9315 
     key : 43a995d29e 
     createdAt : 2017-02-08T17:53:29.000Z 
     updatedAt : 2017-02-08T17:53:29.000Z  
      url : amazon.com 
     id :6
     tynyUrl : tyny.io/21a9315 
     shortUrl : 21a9315 
     key : 43a995d29e 
     createdAt : 2017-02-08T17:54:00.000Z 
     updatedAt : 2017-02-08T17:54:00.000Z  
      url : www.facebook.com 
     id :8
     tynyUrl : tyny.io/c5344bc 
     shortUrl : c5344bc 
     key : 43a995d29e 
     createdAt : 2017-02-08T18:37:59.000Z 
     updatedAt : 2017-02-08T18:37:59.000Z  
      url : https://coderwall.com/p/yphywg/printing-colorful-text-in-terminal-when-run-node-js-script 
     id :9
     tynyUrl : tyny.io/a829a00 
     shortUrl : a829a00 
     key : 43a995d29e 
     createdAt : 2017-02-08T18:40:36.000Z 
     updatedAt : 2017-02-08T18:40:36.000Z  ] 

**********
Event at 13:14:10 @ __app.js line 14
SUCCESS
TEST: Get all urls
Returned Data: 
--   data :[  url : www.google.com 
     id :1
     tynyUrl : tyny.io/7fdcdf0 
     shortUrl : 7fdcdf0 
     key : 43a995d29e 
     createdAt : 2017-02-05T19:49:59.000Z 
     updatedAt : 2017-02-09T22:02:01.000Z  
      url : daniel-cobb.com 
     id :2
     tynyUrl : tyny.io/04f580b 
     shortUrl : 04f580b 
     key : 2 
     createdAt : 2017-02-05T19:51:46.000Z 
     updatedAt : 2017-02-05T19:51:46.000Z  
      url : https://github.com/DPCobb/URL-Shortener 
     id :4
     tynyUrl : tyny.io/8d10273 
     shortUrl : 8d10273 
     key : 43a995d29e 
     createdAt : 2017-02-05T20:16:49.000Z 
     updatedAt : 2017-02-05T20:16:49.000Z  
      url : amazon.com 
     id :5
     tynyUrl : tyny.io/21a9315 
     shortUrl : 21a9315 
     key : 43a995d29e 
     createdAt : 2017-02-08T17:53:29.000Z 
     updatedAt : 2017-02-08T17:53:29.000Z  
      url : amazon.com 
     id :6
     tynyUrl : tyny.io/21a9315 
     shortUrl : 21a9315 
     key : 43a995d29e 
     createdAt : 2017-02-08T17:54:00.000Z 
     updatedAt : 2017-02-08T17:54:00.000Z  
      url : www.facebook.com 
     id :8
     tynyUrl : tyny.io/c5344bc 
     shortUrl : c5344bc 
     key : 43a995d29e 
     createdAt : 2017-02-08T18:37:59.000Z 
     updatedAt : 2017-02-08T18:37:59.000Z  
      url : https://coderwall.com/p/yphywg/printing-colorful-text-in-terminal-when-run-node-js-script 
     id :9
     tynyUrl : tyny.io/a829a00 
     shortUrl : a829a00 
     key : 43a995d29e 
     createdAt : 2017-02-08T18:40:36.000Z 
     updatedAt : 2017-02-08T18:40:36.000Z  ] 

**********
Event at 13:14:10 @ shortener.js line 8
SUCCESS
Created a Short URL
Returned Data: 
--   data :  url : https://www.example.com 
     tynyUrl : tyny.io/9fa2de7 
     shortUrl : 9fa2de7 
     key : xxx   

**********
Event at 13:14:10 @ app.js line 146 POST:/urls
SUCCESS
Created short URL
Returned Data: 
--   data :  id :12
     url : https://www.example.com 
     tynyUrl : tyny.io/9fa2de7 
     shortUrl : 9fa2de7 
     key : xxx 
     updatedAt : 2017-02-12T18:14:10.000Z 
     createdAt : 2017-02-12T18:14:10.000Z   
Requested Data: 
--   body :  url : https://www.example.com 
     key : xxx   

**********
Event at 13:14:10 @ __app.js
SUCCESS
TEST: Create New URL
Returned Data: 
--   data :  id :12
     url : https://www.example.com 
     tynyUrl : tyny.io/9fa2de7 
     shortUrl : 9fa2de7 
     key : xxx 
     updatedAt : 2017-02-12T18:14:10.000Z 
     createdAt : 2017-02-12T18:14:10.000Z   

**********
Event at 13:14:10 @ app.js line 213 POST:/create
SUCCESS
Created new User Key
Returned Data: 
--   data :  email : test@example.com 
     pass : xxx 
     key : 26d4c9dee4   
Requested Data: 
--   body :  email : test@example.com 
     pass : xxx   

**********
Event at 13:14:10 @ __app.js
SUCCESS
TEST: Create New user
Returned Data: 
--   data :  email : test@example.com 
     pass : xxx 
     key : 26d4c9dee4   

**********
Event at 13:14:10 @ __app.js
SUCCESS
TEST: Test user deleted.

**********
Event at 13:14:10 @ app.js line 48 GET:/urls/:id
SUCCESS
Returned URL based on ID
Returned Data: 
--   data :  url : www.google.com 
     id :1
     tynyUrl : tyny.io/7fdcdf0 
     shortUrl : 7fdcdf0 
     key : 43a995d29e 
     createdAt : 2017-02-05T19:49:59.000Z 
     updatedAt : 2017-02-09T22:02:01.000Z   
Requested Data: 
--   id :  id : 1   

**********
Event at 13:14:10 @ __app.js
SUCCESS
TEST: /urls/1
Returned Data: 
--   data :  url : www.google.com 
     id :1
     tynyUrl : tyny.io/7fdcdf0 
     shortUrl : 7fdcdf0 
     key : 43a995d29e 
     createdAt : 2017-02-05T19:49:59.000Z 
     updatedAt : 2017-02-09T22:02:01.000Z   

**********
Event at 13:14:10 @ app.js line 81 GET:/urls/user/:id
SUCCESS
Returned URL's based on User Key
Returned Data: 
--   data :  url : www.google.com 
     id :1
     tynyUrl : tyny.io/7fdcdf0 
     shortUrl : 7fdcdf0 
     key : 43a995d29e 
     createdAt : 2017-02-05T19:49:59.000Z 
     updatedAt : 2017-02-09T22:02:01.000Z   
Requested Data: 
--   id :  id : 43a995d29e   

**********
Event at 13:14:10 @ __app.js
SUCCESS
TEST: /urls/user/43a995d29e
Returned Data: 
--   data :  url : www.google.com 
     id :1
     tynyUrl : tyny.io/7fdcdf0 
     shortUrl : 7fdcdf0 
     key : 43a995d29e 
     createdAt : 2017-02-05T19:49:59.000Z 
     updatedAt : 2017-02-09T22:02:01.000Z   

**********
Event at 13:14:10 @ go.js line 15 GET:/:id
SUCCESS
Redirected User to external URL
Requested Data: 
--   target : www.google.com  

**********
Event at 13:14:10 @ __app.js
SUCCESS
TEST: /go/1
Returned Data: 
--   data :   

**********
Event at 13:14:10 @ link.js line 15 GET:/:url
SUCCESS
Redirected User to external URL
Requested Data: 
--   target : www.google.com  

**********
Event at 13:14:10 @ __app.js
SUCCESS
TEST: /7fdcdf0
Returned Data: 
--   data :   

**********
Event at 13:14:10 @ go.js line 65 GET:/:prefix/:url
SUCCESS
Redirected User to external URL
Requested Data: 
--   target : www.google.com  

**********
Event at 13:14:10 @ __app.js
SUCCESS
TEST: /go/tyny.io/7fdcdf0
Returned Data: 
--   data :   

**********
Event at 13:14:10 @ app.js line 180 POST:/urls/:id
SUCCESS
Updated short URL by ID
Returned Data: 
--   data :  url : www.example.com 
     id :12
     tynyUrl : tyny.io/9fa2de7 
     shortUrl : 9fa2de7 
     key : xxx 
     createdAt : 2017-02-12T18:14:10.000Z 
     updatedAt : 2017-02-12T18:14:10.000Z   
Requested Data: 
--   body :  url : www.example.com 
     key : xxx   

**********
Event at 13:14:10 @ __app.js
SUCCESS
TEST: Create New URL
Returned Data: 
--   data :  url : www.example.com 
     id :12
     tynyUrl : tyny.io/9fa2de7 
     shortUrl : 9fa2de7 
     key : xxx 
     createdAt : 2017-02-12T18:14:10.000Z 
     updatedAt : 2017-02-12T18:14:10.000Z   

**********
Event at 13:14:10 @ app.js line 113 DELETE:/urls/:id
SUCCESS
Deleted URL based on ID
Returned Data: 
--   data :1 
Requested Data: 
--   id :  id : 12   

**********
Event at 13:14:10 @ __app.js
SUCCESS
TEST: Delete URL
Returned Data: 
--   data :1 

**********
Event at 13:18:31 @ server.js line 34
SUCCESS
Listening to Server on Port 3000

**********
Event at 13:18:31 @ app.js line 19 GET:/urls
SUCCESS
Returned all URL's
Returned Data: 
--   data :[  url : www.google.com 
     id :1
     tynyUrl : tyny.io/7fdcdf0 
     shortUrl : 7fdcdf0 
     key : 43a995d29e 
     createdAt : 2017-02-05T19:49:59.000Z 
     updatedAt : 2017-02-09T22:02:01.000Z  
      url : daniel-cobb.com 
     id :2
     tynyUrl : tyny.io/04f580b 
     shortUrl : 04f580b 
     key : 2 
     createdAt : 2017-02-05T19:51:46.000Z 
     updatedAt : 2017-02-05T19:51:46.000Z  
      url : https://github.com/DPCobb/URL-Shortener 
     id :4
     tynyUrl : tyny.io/8d10273 
     shortUrl : 8d10273 
     key : 43a995d29e 
     createdAt : 2017-02-05T20:16:49.000Z 
     updatedAt : 2017-02-05T20:16:49.000Z  
      url : amazon.com 
     id :5
     tynyUrl : tyny.io/21a9315 
     shortUrl : 21a9315 
     key : 43a995d29e 
     createdAt : 2017-02-08T17:53:29.000Z 
     updatedAt : 2017-02-08T17:53:29.000Z  
      url : amazon.com 
     id :6
     tynyUrl : tyny.io/21a9315 
     shortUrl : 21a9315 
     key : 43a995d29e 
     createdAt : 2017-02-08T17:54:00.000Z 
     updatedAt : 2017-02-08T17:54:00.000Z  
      url : www.facebook.com 
     id :8
     tynyUrl : tyny.io/c5344bc 
     shortUrl : c5344bc 
     key : 43a995d29e 
     createdAt : 2017-02-08T18:37:59.000Z 
     updatedAt : 2017-02-08T18:37:59.000Z  
      url : https://coderwall.com/p/yphywg/printing-colorful-text-in-terminal-when-run-node-js-script 
     id :9
     tynyUrl : tyny.io/a829a00 
     shortUrl : a829a00 
     key : 43a995d29e 
     createdAt : 2017-02-08T18:40:36.000Z 
     updatedAt : 2017-02-08T18:40:36.000Z  ] 

**********
Event at 13:18:31 @ __app.js line 14
SUCCESS
TEST: Get all urls
Returned Data: 
--   data :[  url : www.google.com 
     id :1
     tynyUrl : tyny.io/7fdcdf0 
     shortUrl : 7fdcdf0 
     key : 43a995d29e 
     createdAt : 2017-02-05T19:49:59.000Z 
     updatedAt : 2017-02-09T22:02:01.000Z  
      url : daniel-cobb.com 
     id :2
     tynyUrl : tyny.io/04f580b 
     shortUrl : 04f580b 
     key : 2 
     createdAt : 2017-02-05T19:51:46.000Z 
     updatedAt : 2017-02-05T19:51:46.000Z  
      url : https://github.com/DPCobb/URL-Shortener 
     id :4
     tynyUrl : tyny.io/8d10273 
     shortUrl : 8d10273 
     key : 43a995d29e 
     createdAt : 2017-02-05T20:16:49.000Z 
     updatedAt : 2017-02-05T20:16:49.000Z  
      url : amazon.com 
     id :5
     tynyUrl : tyny.io/21a9315 
     shortUrl : 21a9315 
     key : 43a995d29e 
     createdAt : 2017-02-08T17:53:29.000Z 
     updatedAt : 2017-02-08T17:53:29.000Z  
      url : amazon.com 
     id :6
     tynyUrl : tyny.io/21a9315 
     shortUrl : 21a9315 
     key : 43a995d29e 
     createdAt : 2017-02-08T17:54:00.000Z 
     updatedAt : 2017-02-08T17:54:00.000Z  
      url : www.facebook.com 
     id :8
     tynyUrl : tyny.io/c5344bc 
     shortUrl : c5344bc 
     key : 43a995d29e 
     createdAt : 2017-02-08T18:37:59.000Z 
     updatedAt : 2017-02-08T18:37:59.000Z  
      url : https://coderwall.com/p/yphywg/printing-colorful-text-in-terminal-when-run-node-js-script 
     id :9
     tynyUrl : tyny.io/a829a00 
     shortUrl : a829a00 
     key : 43a995d29e 
     createdAt : 2017-02-08T18:40:36.000Z 
     updatedAt : 2017-02-08T18:40:36.000Z  ] 

**********
Event at 13:18:31 @ shortener.js line 8
SUCCESS
Created a Short URL
Returned Data: 
--   data :  url : https://www.example.com 
     tynyUrl : tyny.io/9fa2de7 
     shortUrl : 9fa2de7 
     key : xxx   

**********
Event at 13:18:31 @ app.js line 146 POST:/urls
SUCCESS
Created short URL
Returned Data: 
--   data :  id :13
     url : https://www.example.com 
     tynyUrl : tyny.io/9fa2de7 
     shortUrl : 9fa2de7 
     key : xxx 
     updatedAt : 2017-02-12T18:18:31.000Z 
     createdAt : 2017-02-12T18:18:31.000Z   
Requested Data: 
--   body :  url : https://www.example.com 
     key : xxx   

**********
Event at 13:18:31 @ __app.js
SUCCESS
TEST: Create New URL
Returned Data: 
--   data :  id :13
     url : https://www.example.com 
     tynyUrl : tyny.io/9fa2de7 
     shortUrl : 9fa2de7 
     key : xxx 
     updatedAt : 2017-02-12T18:18:31.000Z 
     createdAt : 2017-02-12T18:18:31.000Z   

**********
Event at 13:18:31 @ app.js line 213 POST:/create
SUCCESS
Created new User Key
Returned Data: 
--   data :  email : test@example.com 
     pass : xxx 
     key : 26d4c9dee4   
Requested Data: 
--   body :  email : test@example.com 
     pass : xxx   

**********
Event at 13:18:31 @ __app.js
SUCCESS
TEST: Create New user
Returned Data: 
--   data :  email : test@example.com 
     pass : xxx 
     key : 26d4c9dee4   

**********
Event at 13:18:31 @ app.js line 48 GET:/urls/:id
SUCCESS
Returned URL based on ID
Returned Data: 
--   data :  url : www.google.com 
     id :1
     tynyUrl : tyny.io/7fdcdf0 
     shortUrl : 7fdcdf0 
     key : 43a995d29e 
     createdAt : 2017-02-05T19:49:59.000Z 
     updatedAt : 2017-02-09T22:02:01.000Z   
Requested Data: 
--   id :  id : 1   

**********
Event at 13:18:31 @ __app.js
SUCCESS
TEST: /urls/1
Returned Data: 
--   data :  url : www.google.com 
     id :1
     tynyUrl : tyny.io/7fdcdf0 
     shortUrl : 7fdcdf0 
     key : 43a995d29e 
     createdAt : 2017-02-05T19:49:59.000Z 
     updatedAt : 2017-02-09T22:02:01.000Z   

**********
Event at 13:18:31 @ app.js line 81 GET:/urls/user/:id
SUCCESS
Returned URL's based on User Key
Returned Data: 
--   data :  url : www.google.com 
     id :1
     tynyUrl : tyny.io/7fdcdf0 
     shortUrl : 7fdcdf0 
     key : 43a995d29e 
     createdAt : 2017-02-05T19:49:59.000Z 
     updatedAt : 2017-02-09T22:02:01.000Z   
Requested Data: 
--   id :  id : 43a995d29e   

**********
Event at 13:18:31 @ __app.js
SUCCESS
TEST: /urls/user/43a995d29e
Returned Data: 
--   data :  url : www.google.com 
     id :1
     tynyUrl : tyny.io/7fdcdf0 
     shortUrl : 7fdcdf0 
     key : 43a995d29e 
     createdAt : 2017-02-05T19:49:59.000Z 
     updatedAt : 2017-02-09T22:02:01.000Z   

**********
Event at 13:18:31 @ go.js line 15 GET:/:id
SUCCESS
Redirected User to external URL
Requested Data: 
--   target : www.google.com  

**********
Event at 13:18:31 @ __app.js
SUCCESS
TEST: /go/1
Returned Data: 
--   data :   

**********
Event at 13:18:31 @ link.js line 15 GET:/:url
SUCCESS
Redirected User to external URL
Requested Data: 
--   target : www.google.com  

**********
Event at 13:18:31 @ __app.js
SUCCESS
TEST: /7fdcdf0
Returned Data: 
--   data :   

**********
Event at 13:18:31 @ go.js line 65 GET:/:prefix/:url
SUCCESS
Redirected User to external URL
Requested Data: 
--   target : www.google.com  

**********
Event at 13:18:31 @ __app.js
SUCCESS
TEST: /go/tyny.io/7fdcdf0
Returned Data: 
--   data :   

**********
Event at 13:18:31 @ app.js line 180 POST:/urls/:id
SUCCESS
Updated short URL by ID
Returned Data: 
--   data :  url : www.example.com 
     id :13
     tynyUrl : tyny.io/9fa2de7 
     shortUrl : 9fa2de7 
     key : xxx 
     createdAt : 2017-02-12T18:18:31.000Z 
     updatedAt : 2017-02-12T18:18:31.000Z   
Requested Data: 
--   body :  url : www.example.com 
     key : xxx   

**********
Event at 13:18:31 @ __app.js
SUCCESS
TEST: Create New URL
Returned Data: 
--   data :  url : www.example.com 
     id :13
     tynyUrl : tyny.io/9fa2de7 
     shortUrl : 9fa2de7 
     key : xxx 
     createdAt : 2017-02-12T18:18:31.000Z 
     updatedAt : 2017-02-12T18:18:31.000Z   

**********
Event at 13:18:31 @ app.js line 113 DELETE:/urls/:id
SUCCESS
Deleted URL based on ID
Returned Data: 
--   data :1 
Requested Data: 
--   id :  id : 13   

**********
Event at 13:18:31 @ __app.js
SUCCESS
TEST: Delete URL
Returned Data: 
--   data :1 

**********
Event at 13:18:45 @ server.js line 34
SUCCESS
Listening to Server on Port 3000

**********
Event at 13:18:45 @ app.js line 19 GET:/urls
SUCCESS
Returned all URL's
Returned Data: 
--   data :[  url : www.google.com 
     id :1
     tynyUrl : tyny.io/7fdcdf0 
     shortUrl : 7fdcdf0 
     key : 43a995d29e 
     createdAt : 2017-02-05T19:49:59.000Z 
     updatedAt : 2017-02-09T22:02:01.000Z  
      url : daniel-cobb.com 
     id :2
     tynyUrl : tyny.io/04f580b 
     shortUrl : 04f580b 
     key : 2 
     createdAt : 2017-02-05T19:51:46.000Z 
     updatedAt : 2017-02-05T19:51:46.000Z  
      url : https://github.com/DPCobb/URL-Shortener 
     id :4
     tynyUrl : tyny.io/8d10273 
     shortUrl : 8d10273 
     key : 43a995d29e 
     createdAt : 2017-02-05T20:16:49.000Z 
     updatedAt : 2017-02-05T20:16:49.000Z  
      url : amazon.com 
     id :5
     tynyUrl : tyny.io/21a9315 
     shortUrl : 21a9315 
     key : 43a995d29e 
     createdAt : 2017-02-08T17:53:29.000Z 
     updatedAt : 2017-02-08T17:53:29.000Z  
      url : amazon.com 
     id :6
     tynyUrl : tyny.io/21a9315 
     shortUrl : 21a9315 
     key : 43a995d29e 
     createdAt : 2017-02-08T17:54:00.000Z 
     updatedAt : 2017-02-08T17:54:00.000Z  
      url : www.facebook.com 
     id :8
     tynyUrl : tyny.io/c5344bc 
     shortUrl : c5344bc 
     key : 43a995d29e 
     createdAt : 2017-02-08T18:37:59.000Z 
     updatedAt : 2017-02-08T18:37:59.000Z  
      url : https://coderwall.com/p/yphywg/printing-colorful-text-in-terminal-when-run-node-js-script 
     id :9
     tynyUrl : tyny.io/a829a00 
     shortUrl : a829a00 
     key : 43a995d29e 
     createdAt : 2017-02-08T18:40:36.000Z 
     updatedAt : 2017-02-08T18:40:36.000Z  ] 

**********
Event at 13:18:45 @ __app.js line 14
SUCCESS
TEST: Get all urls
Returned Data: 
--   data :[  url : www.google.com 
     id :1
     tynyUrl : tyny.io/7fdcdf0 
     shortUrl : 7fdcdf0 
     key : 43a995d29e 
     createdAt : 2017-02-05T19:49:59.000Z 
     updatedAt : 2017-02-09T22:02:01.000Z  
      url : daniel-cobb.com 
     id :2
     tynyUrl : tyny.io/04f580b 
     shortUrl : 04f580b 
     key : 2 
     createdAt : 2017-02-05T19:51:46.000Z 
     updatedAt : 2017-02-05T19:51:46.000Z  
      url : https://github.com/DPCobb/URL-Shortener 
     id :4
     tynyUrl : tyny.io/8d10273 
     shortUrl : 8d10273 
     key : 43a995d29e 
     createdAt : 2017-02-05T20:16:49.000Z 
     updatedAt : 2017-02-05T20:16:49.000Z  
      url : amazon.com 
     id :5
     tynyUrl : tyny.io/21a9315 
     shortUrl : 21a9315 
     key : 43a995d29e 
     createdAt : 2017-02-08T17:53:29.000Z 
     updatedAt : 2017-02-08T17:53:29.000Z  
      url : amazon.com 
     id :6
     tynyUrl : tyny.io/21a9315 
     shortUrl : 21a9315 
     key : 43a995d29e 
     createdAt : 2017-02-08T17:54:00.000Z 
     updatedAt : 2017-02-08T17:54:00.000Z  
      url : www.facebook.com 
     id :8
     tynyUrl : tyny.io/c5344bc 
     shortUrl : c5344bc 
     key : 43a995d29e 
     createdAt : 2017-02-08T18:37:59.000Z 
     updatedAt : 2017-02-08T18:37:59.000Z  
      url : https://coderwall.com/p/yphywg/printing-colorful-text-in-terminal-when-run-node-js-script 
     id :9
     tynyUrl : tyny.io/a829a00 
     shortUrl : a829a00 
     key : 43a995d29e 
     createdAt : 2017-02-08T18:40:36.000Z 
     updatedAt : 2017-02-08T18:40:36.000Z  ] 

**********
Event at 13:18:45 @ shortener.js line 8
SUCCESS
Created a Short URL
Returned Data: 
--   data :  url : https://www.example.com 
     tynyUrl : tyny.io/9fa2de7 
     shortUrl : 9fa2de7 
     key : xxx   

**********
Event at 13:18:45 @ app.js line 146 POST:/urls
SUCCESS
Created short URL
Returned Data: 
--   data :  id :14
     url : https://www.example.com 
     tynyUrl : tyny.io/9fa2de7 
     shortUrl : 9fa2de7 
     key : xxx 
     updatedAt : 2017-02-12T18:18:45.000Z 
     createdAt : 2017-02-12T18:18:45.000Z   
Requested Data: 
--   body :  url : https://www.example.com 
     key : xxx   

**********
Event at 13:18:45 @ __app.js
SUCCESS
TEST: Create New URL
Returned Data: 
--   data :  id :14
     url : https://www.example.com 
     tynyUrl : tyny.io/9fa2de7 
     shortUrl : 9fa2de7 
     key : xxx 
     updatedAt : 2017-02-12T18:18:45.000Z 
     createdAt : 2017-02-12T18:18:45.000Z   

**********
Event at 13:18:45 @ app.js line 213 POST:/create
SUCCESS
Created new User Key
Returned Data: 
--   data :  email : test@example.com 
     pass : xxx 
     key : 26d4c9dee4   
Requested Data: 
--   body :  email : test@example.com 
     pass : xxx   

**********
Event at 13:18:45 @ __app.js
SUCCESS
TEST: Create New user
Returned Data: 
--   data :  email : test@example.com 
     pass : xxx 
     key : 26d4c9dee4   

**********
Event at 13:18:45 @ __app.js
SUCCESS
TEST: Test user deleted.

**********
Event at 13:18:45 @ app.js line 48 GET:/urls/:id
SUCCESS
Returned URL based on ID
Returned Data: 
--   data :  url : www.google.com 
     id :1
     tynyUrl : tyny.io/7fdcdf0 
     shortUrl : 7fdcdf0 
     key : 43a995d29e 
     createdAt : 2017-02-05T19:49:59.000Z 
     updatedAt : 2017-02-09T22:02:01.000Z   
Requested Data: 
--   id :  id : 1   

**********
Event at 13:18:45 @ __app.js
SUCCESS
TEST: /urls/1
Returned Data: 
--   data :  url : www.google.com 
     id :1
     tynyUrl : tyny.io/7fdcdf0 
     shortUrl : 7fdcdf0 
     key : 43a995d29e 
     createdAt : 2017-02-05T19:49:59.000Z 
     updatedAt : 2017-02-09T22:02:01.000Z   

**********
Event at 13:18:45 @ app.js line 81 GET:/urls/user/:id
SUCCESS
Returned URL's based on User Key
Returned Data: 
--   data :  url : www.google.com 
     id :1
     tynyUrl : tyny.io/7fdcdf0 
     shortUrl : 7fdcdf0 
     key : 43a995d29e 
     createdAt : 2017-02-05T19:49:59.000Z 
     updatedAt : 2017-02-09T22:02:01.000Z   
Requested Data: 
--   id :  id : 43a995d29e   

**********
Event at 13:18:45 @ __app.js
SUCCESS
TEST: /urls/user/43a995d29e
Returned Data: 
--   data :  url : www.google.com 
     id :1
     tynyUrl : tyny.io/7fdcdf0 
     shortUrl : 7fdcdf0 
     key : 43a995d29e 
     createdAt : 2017-02-05T19:49:59.000Z 
     updatedAt : 2017-02-09T22:02:01.000Z   

**********
Event at 13:18:45 @ go.js line 15 GET:/:id
SUCCESS
Redirected User to external URL
Requested Data: 
--   target : www.google.com  

**********
Event at 13:18:45 @ __app.js
SUCCESS
TEST: /go/1
Returned Data: 
--   data :   

**********
Event at 13:18:45 @ link.js line 15 GET:/:url
SUCCESS
Redirected User to external URL
Requested Data: 
--   target : www.google.com  

**********
Event at 13:18:45 @ __app.js
SUCCESS
TEST: /7fdcdf0
Returned Data: 
--   data :   

**********
Event at 13:18:45 @ go.js line 65 GET:/:prefix/:url
SUCCESS
Redirected User to external URL
Requested Data: 
--   target : www.google.com  

**********
Event at 13:18:45 @ __app.js
SUCCESS
TEST: /go/tyny.io/7fdcdf0
Returned Data: 
--   data :   

**********
Event at 13:18:45 @ app.js line 180 POST:/urls/:id
SUCCESS
Updated short URL by ID
Returned Data: 
--   data :  url : www.example.com 
     id :14
     tynyUrl : tyny.io/9fa2de7 
     shortUrl : 9fa2de7 
     key : xxx 
     createdAt : 2017-02-12T18:18:45.000Z 
     updatedAt : 2017-02-12T18:18:45.000Z   
Requested Data: 
--   body :  url : www.example.com 
     key : xxx   

**********
Event at 13:18:45 @ __app.js
SUCCESS
TEST: Create New URL
Returned Data: 
--   data :  url : www.example.com 
     id :14
     tynyUrl : tyny.io/9fa2de7 
     shortUrl : 9fa2de7 
     key : xxx 
     createdAt : 2017-02-12T18:18:45.000Z 
     updatedAt : 2017-02-12T18:18:45.000Z   

**********
Event at 13:18:45 @ app.js line 113 DELETE:/urls/:id
SUCCESS
Deleted URL based on ID
Returned Data: 
--   data :1 
Requested Data: 
--   id :  id : 14   

**********
Event at 13:18:45 @ __app.js
SUCCESS
TEST: Delete URL
Returned Data: 
--   data :1 

**********
Event at 15:11:4 @ server.js line 34
SUCCESS
Listening to Server on Port 3000

**********
Event at 15:11:4 @ app.js line 19 GET:/urls
SUCCESS
Returned all URL's
Returned Data: 
--   data :[  url : www.google.com 
     id :1
     tynyUrl : tyny.io/7fdcdf0 
     shortUrl : 7fdcdf0 
     key : 43a995d29e 
     createdAt : 2017-02-05T19:49:59.000Z 
     updatedAt : 2017-02-09T22:02:01.000Z  
      url : daniel-cobb.com 
     id :2
     tynyUrl : tyny.io/04f580b 
     shortUrl : 04f580b 
     key : 2 
     createdAt : 2017-02-05T19:51:46.000Z 
     updatedAt : 2017-02-05T19:51:46.000Z  
      url : https://github.com/DPCobb/URL-Shortener 
     id :4
     tynyUrl : tyny.io/8d10273 
     shortUrl : 8d10273 
     key : 43a995d29e 
     createdAt : 2017-02-05T20:16:49.000Z 
     updatedAt : 2017-02-05T20:16:49.000Z  
      url : amazon.com 
     id :5
     tynyUrl : tyny.io/21a9315 
     shortUrl : 21a9315 
     key : 43a995d29e 
     createdAt : 2017-02-08T17:53:29.000Z 
     updatedAt : 2017-02-08T17:53:29.000Z  
      url : amazon.com 
     id :6
     tynyUrl : tyny.io/21a9315 
     shortUrl : 21a9315 
     key : 43a995d29e 
     createdAt : 2017-02-08T17:54:00.000Z 
     updatedAt : 2017-02-08T17:54:00.000Z  
      url : www.facebook.com 
     id :8
     tynyUrl : tyny.io/c5344bc 
     shortUrl : c5344bc 
     key : 43a995d29e 
     createdAt : 2017-02-08T18:37:59.000Z 
     updatedAt : 2017-02-08T18:37:59.000Z  
      url : https://coderwall.com/p/yphywg/printing-colorful-text-in-terminal-when-run-node-js-script 
     id :9
     tynyUrl : tyny.io/a829a00 
     shortUrl : a829a00 
     key : 43a995d29e 
     createdAt : 2017-02-08T18:40:36.000Z 
     updatedAt : 2017-02-08T18:40:36.000Z  ] 

**********
Event at 15:11:4 @ __app.js line 14
SUCCESS
TEST: Get all urls
Returned Data: 
--   data :[  url : www.google.com 
     id :1
     tynyUrl : tyny.io/7fdcdf0 
     shortUrl : 7fdcdf0 
     key : 43a995d29e 
     createdAt : 2017-02-05T19:49:59.000Z 
     updatedAt : 2017-02-09T22:02:01.000Z  
      url : daniel-cobb.com 
     id :2
     tynyUrl : tyny.io/04f580b 
     shortUrl : 04f580b 
     key : 2 
     createdAt : 2017-02-05T19:51:46.000Z 
     updatedAt : 2017-02-05T19:51:46.000Z  
      url : https://github.com/DPCobb/URL-Shortener 
     id :4
     tynyUrl : tyny.io/8d10273 
     shortUrl : 8d10273 
     key : 43a995d29e 
     createdAt : 2017-02-05T20:16:49.000Z 
     updatedAt : 2017-02-05T20:16:49.000Z  
      url : amazon.com 
     id :5
     tynyUrl : tyny.io/21a9315 
     shortUrl : 21a9315 
     key : 43a995d29e 
     createdAt : 2017-02-08T17:53:29.000Z 
     updatedAt : 2017-02-08T17:53:29.000Z  
      url : amazon.com 
     id :6
     tynyUrl : tyny.io/21a9315 
     shortUrl : 21a9315 
     key : 43a995d29e 
     createdAt : 2017-02-08T17:54:00.000Z 
     updatedAt : 2017-02-08T17:54:00.000Z  
      url : www.facebook.com 
     id :8
     tynyUrl : tyny.io/c5344bc 
     shortUrl : c5344bc 
     key : 43a995d29e 
     createdAt : 2017-02-08T18:37:59.000Z 
     updatedAt : 2017-02-08T18:37:59.000Z  
      url : https://coderwall.com/p/yphywg/printing-colorful-text-in-terminal-when-run-node-js-script 
     id :9
     tynyUrl : tyny.io/a829a00 
     shortUrl : a829a00 
     key : 43a995d29e 
     createdAt : 2017-02-08T18:40:36.000Z 
     updatedAt : 2017-02-08T18:40:36.000Z  ] 

**********
Event at 15:11:4 @ shortener.js line 8
SUCCESS
Created a Short URL
Returned Data: 
--   data :  url : https://www.example.com 
     tynyUrl : tyny.io/9fa2de7 
     shortUrl : 9fa2de7 
     key : xxx   

**********
Event at 15:11:4 @ app.js line 146 POST:/urls
SUCCESS
Created short URL
Returned Data: 
--   data :  id :15
     url : https://www.example.com 
     tynyUrl : tyny.io/9fa2de7 
     shortUrl : 9fa2de7 
     key : xxx 
     updatedAt : 2017-02-12T20:11:04.000Z 
     createdAt : 2017-02-12T20:11:04.000Z   
Requested Data: 
--   body :  url : https://www.example.com 
     key : xxx   

**********
Event at 15:11:4 @ __app.js
SUCCESS
TEST: Create New URL
Returned Data: 
--   data :  id :15
     url : https://www.example.com 
     tynyUrl : tyny.io/9fa2de7 
     shortUrl : 9fa2de7 
     key : xxx 
     updatedAt : 2017-02-12T20:11:04.000Z 
     createdAt : 2017-02-12T20:11:04.000Z   

**********
Event at 15:11:4 @ app.js line 213 POST:/create
SUCCESS
Created new User Key
Returned Data: 
--   data :  email : test@example.com 
     pass : xxx 
     key : 26d4c9dee4   
Requested Data: 
--   body :  email : test@example.com 
     pass : xxx   

**********
Event at 15:11:4 @ __app.js
SUCCESS
TEST: Create New user
Returned Data: 
--   data :  email : test@example.com 
     pass : xxx 
     key : 26d4c9dee4   

**********
Event at 15:11:4 @ __app.js
SUCCESS
TEST: Test user deleted.

**********
Event at 15:11:4 @ app.js line 48 GET:/urls/:id
SUCCESS
Returned URL based on ID
Returned Data: 
--   data :  url : www.google.com 
     id :1
     tynyUrl : tyny.io/7fdcdf0 
     shortUrl : 7fdcdf0 
     key : 43a995d29e 
     createdAt : 2017-02-05T19:49:59.000Z 
     updatedAt : 2017-02-09T22:02:01.000Z   
Requested Data: 
--   id :  id : 1   

**********
Event at 15:11:4 @ __app.js
SUCCESS
TEST: /urls/1
Returned Data: 
--   data :  url : www.google.com 
     id :1
     tynyUrl : tyny.io/7fdcdf0 
     shortUrl : 7fdcdf0 
     key : 43a995d29e 
     createdAt : 2017-02-05T19:49:59.000Z 
     updatedAt : 2017-02-09T22:02:01.000Z   

**********
Event at 15:11:4 @ app.js line 81 GET:/urls/user/:id
SUCCESS
Returned URL's based on User Key
Returned Data: 
--   data :  url : www.google.com 
     id :1
     tynyUrl : tyny.io/7fdcdf0 
     shortUrl : 7fdcdf0 
     key : 43a995d29e 
     createdAt : 2017-02-05T19:49:59.000Z 
     updatedAt : 2017-02-09T22:02:01.000Z   
Requested Data: 
--   id :  id : 43a995d29e   

**********
Event at 15:11:4 @ __app.js
SUCCESS
TEST: /urls/user/43a995d29e
Returned Data: 
--   data :  url : www.google.com 
     id :1
     tynyUrl : tyny.io/7fdcdf0 
     shortUrl : 7fdcdf0 
     key : 43a995d29e 
     createdAt : 2017-02-05T19:49:59.000Z 
     updatedAt : 2017-02-09T22:02:01.000Z   

**********
Event at 15:11:4 @ go.js line 15 GET:/:id
SUCCESS
Redirected User to external URL
Requested Data: 
--   target : www.google.com  

**********
Event at 15:11:4 @ __app.js
SUCCESS
TEST: /go/1
Returned Data: 
--   data :   

**********
Event at 15:11:5 @ link.js line 15 GET:/:url
SUCCESS
Redirected User to external URL
Requested Data: 
--   target : www.google.com  

**********
Event at 15:11:5 @ __app.js
SUCCESS
TEST: /7fdcdf0
Returned Data: 
--   data :   

**********
Event at 15:11:5 @ go.js line 65 GET:/:prefix/:url
SUCCESS
Redirected User to external URL
Requested Data: 
--   target : www.google.com  

**********
Event at 15:11:5 @ __app.js
SUCCESS
TEST: /go/tyny.io/7fdcdf0
Returned Data: 
--   data :   

**********
Event at 15:11:5 @ app.js line 180 POST:/urls/:id
SUCCESS
Updated short URL by ID
Returned Data: 
--   data :  url : www.example.com 
     id :15
     tynyUrl : tyny.io/9fa2de7 
     shortUrl : 9fa2de7 
     key : xxx 
     createdAt : 2017-02-12T20:11:04.000Z 
     updatedAt : 2017-02-12T20:11:05.000Z   
Requested Data: 
--   body :  url : www.example.com 
     key : xxx   

**********
Event at 15:11:5 @ __app.js
SUCCESS
TEST: Create New URL
Returned Data: 
--   data :  url : www.example.com 
     id :15
     tynyUrl : tyny.io/9fa2de7 
     shortUrl : 9fa2de7 
     key : xxx 
     createdAt : 2017-02-12T20:11:04.000Z 
     updatedAt : 2017-02-12T20:11:05.000Z   

**********
Event at 15:11:5 @ app.js line 113 DELETE:/urls/:id
SUCCESS
Deleted URL based on ID
Returned Data: 
--   data :1 
Requested Data: 
--   id :  id : 15   

**********
Event at 15:11:5 @ __app.js
SUCCESS
TEST: Delete URL
Returned Data: 
--   data :1 