<<<<<<< HEAD
-- MSG @ 12:31:38 PM (No Location Info): Hello World from app.listen
-- MSG @ 12:31:38 PM (app.js): Server Active, port 3000
-- MSG @ 12:31:39 PM (app.js): Server Active, port 3000
-- MSG @ 12:31:39 PM (No Location Info): Hello World from app.listen
-- MSG @ 1:57:22 PM (No Location Info): Hello World from app.listen
-- MSG @ 1:57:22 PM (app.js): Server Active, port 3000
=======
-- MSG @ 12:34:26 PM (No Location Info): Hello World from app.listen
-- MSG @ 12:34:26 PM (app.js): Server Active, port 3000
-- MSG @ 1:33:18 PM (No Location Info): Hello World from app.listen
-- MSG @ 1:33:18 PM (app.js): Server Active, port 3000
-- MSG @ 1:35:45 PM (No Location Info): Hello World from app.listen
-- MSG @ 1:35:45 PM (app.js): Server Active, port 3000
-- MSG @ 1:35:47 PM (No Location Info): Hello World from app.listen
-- MSG @ 1:35:47 PM (app.js): Server Active, port 3000
-- MSG @ 1:35:51 PM (No Location Info): Hello World from app.listen
-- MSG @ 1:35:51 PM (app.js): Server Active, port 3000
-- MSG @ 1:36:02 PM (No Location Info): Hello World from app.listen
-- MSG @ 1:36:02 PM (app.js): Server Active, port 3000
-- MSG @ 1:36:05 PM (No Location Info): Hello World from app.listen
-- MSG @ 1:36:05 PM (app.js): Server Active, port 3000
>>>>>>> origin/deploy
-- MSG @ 1:57:52 PM (No Location Info): Hello World from app.listen
-- MSG @ 1:57:52 PM (app.js): Server Active, port 3000
