

**********
Event at 14:00:56 @ server.js line 34
SUCCESS
Listening to Server on Port 3000

**********
Event at 14:03:20 @ server.js line 34
SUCCESS
Listening to Server on Port 3000

**********
Event at 14:04:16 @ server.js line 34
SUCCESS
Listening to Server on Port 3000

**********
Event at 14:11:3 @ server.js line 34
SUCCESS
Listening to Server on Port 3000

**********
Event at 14:12:23 @ server.js line 34
SUCCESS
Listening to Server on Port 3000

**********
Event at 16:01:39 @ server.js line 34
SUCCESS
Listening to Server on Port 3000

**********
Event at 16:09:51 @ server.js line 34
SUCCESS
Listening to Server on Port 3000

**********
Event at 16:10:25 @ server.js line 34
SUCCESS
Listening to Server on Port 3000

**********
Event at 16:21:56 @ server.js line 34
SUCCESS
Listening to Server on Port 3000

**********
Event at 16:22:38 @ server.js line 34
SUCCESS
Listening to Server on Port 3000

**********
Event at 16:24:4 @ server.js line 34
SUCCESS
Listening to Server on Port 3000

**********
Event at 16:25:59 @ server.js line 34
SUCCESS
Listening to Server on Port 3000

**********
Event at 16:29:2 @ server.js line 34
SUCCESS
Listening to Server on Port 3000

**********
Event at 16:31:59 @ server.js line 34
SUCCESS
Listening to Server on Port 3000

**********
Event at 16:33:37 @ server.js line 34
SUCCESS
Listening to Server on Port 3000

**********
Event at 16:35:48 @ server.js line 34
SUCCESS
Listening to Server on Port 3000

**********
Event at 16:36:15 @ server.js line 34
SUCCESS
Listening to Server on Port 3000

**********
Event at 16:37:13 @ server.js line 34
SUCCESS
Listening to Server on Port 3000

**********
Event at 16:39:3 @ server.js line 34
SUCCESS
Listening to Server on Port 3000

**********
Event at 16:43:1 @ server.js line 34
SUCCESS
Listening to Server on Port 3000

**********
Event at 16:43:18 @ server.js line 34
SUCCESS
Listening to Server on Port 3000

**********
Event at 16:43:39 @ server.js line 34
SUCCESS
Listening to Server on Port 3000

**********
Event at 16:44:11 @ server.js line 34
SUCCESS
Listening to Server on Port 3000

**********
Event at 16:44:11 @ app.js line 19 GET:/urls
SUCCESS
Returned all URL's
Returned Data: 
--   data :[  url : www.google.com 
     id :1
     tynyUrl : tyny.io/7fdcdf0 
     shortUrl : 7fdcdf0 
     key : 43a995d29e 
     createdAt : 2017-02-05T19:49:59.000Z 
     updatedAt : 2017-02-09T22:02:01.000Z  
      url : daniel-cobb.com 
     id :2
     tynyUrl : tyny.io/04f580b 
     shortUrl : 04f580b 
     key : 2 
     createdAt : 2017-02-05T19:51:46.000Z 
     updatedAt : 2017-02-05T19:51:46.000Z  
      url : https://github.com/DPCobb/URL-Shortener 
     id :4
     tynyUrl : tyny.io/8d10273 
     shortUrl : 8d10273 
     key : 43a995d29e 
     createdAt : 2017-02-05T20:16:49.000Z 
     updatedAt : 2017-02-05T20:16:49.000Z  
      url : amazon.com 
     id :5
     tynyUrl : tyny.io/21a9315 
     shortUrl : 21a9315 
     key : 43a995d29e 
     createdAt : 2017-02-08T17:53:29.000Z 
     updatedAt : 2017-02-08T17:53:29.000Z  
      url : amazon.com 
     id :6
     tynyUrl : tyny.io/21a9315 
     shortUrl : 21a9315 
     key : 43a995d29e 
     createdAt : 2017-02-08T17:54:00.000Z 
     updatedAt : 2017-02-08T17:54:00.000Z  
      url : www.facebook.com 
     id :8
     tynyUrl : tyny.io/c5344bc 
     shortUrl : c5344bc 
     key : 43a995d29e 
     createdAt : 2017-02-08T18:37:59.000Z 
     updatedAt : 2017-02-08T18:37:59.000Z  
      url : https://coderwall.com/p/yphywg/printing-colorful-text-in-terminal-when-run-node-js-script 
     id :9
     tynyUrl : tyny.io/a829a00 
     shortUrl : a829a00 
     key : 43a995d29e 
     createdAt : 2017-02-08T18:40:36.000Z 
     updatedAt : 2017-02-08T18:40:36.000Z  ] 

**********
Event at 16:50:2 @ server.js line 34
SUCCESS
Listening to Server on Port 3000

**********
Event at 16:50:2 @ app.js line 19 GET:/urls
SUCCESS
Returned all URL's
Returned Data: 
--   data :[  url : www.google.com 
     id :1
     tynyUrl : tyny.io/7fdcdf0 
     shortUrl : 7fdcdf0 
     key : 43a995d29e 
     createdAt : 2017-02-05T19:49:59.000Z 
     updatedAt : 2017-02-09T22:02:01.000Z  
      url : daniel-cobb.com 
     id :2
     tynyUrl : tyny.io/04f580b 
     shortUrl : 04f580b 
     key : 2 
     createdAt : 2017-02-05T19:51:46.000Z 
     updatedAt : 2017-02-05T19:51:46.000Z  
      url : https://github.com/DPCobb/URL-Shortener 
     id :4
     tynyUrl : tyny.io/8d10273 
     shortUrl : 8d10273 
     key : 43a995d29e 
     createdAt : 2017-02-05T20:16:49.000Z 
     updatedAt : 2017-02-05T20:16:49.000Z  
      url : amazon.com 
     id :5
     tynyUrl : tyny.io/21a9315 
     shortUrl : 21a9315 
     key : 43a995d29e 
     createdAt : 2017-02-08T17:53:29.000Z 
     updatedAt : 2017-02-08T17:53:29.000Z  
      url : amazon.com 
     id :6
     tynyUrl : tyny.io/21a9315 
     shortUrl : 21a9315 
     key : 43a995d29e 
     createdAt : 2017-02-08T17:54:00.000Z 
     updatedAt : 2017-02-08T17:54:00.000Z  
      url : www.facebook.com 
     id :8
     tynyUrl : tyny.io/c5344bc 
     shortUrl : c5344bc 
     key : 43a995d29e 
     createdAt : 2017-02-08T18:37:59.000Z 
     updatedAt : 2017-02-08T18:37:59.000Z  
      url : https://coderwall.com/p/yphywg/printing-colorful-text-in-terminal-when-run-node-js-script 
     id :9
     tynyUrl : tyny.io/a829a00 
     shortUrl : a829a00 
     key : 43a995d29e 
     createdAt : 2017-02-08T18:40:36.000Z 
     updatedAt : 2017-02-08T18:40:36.000Z  ] 

**********
Event at 16:50:2 @ undefined
WARNING - REQUEST RETURNED NULL
TEST: Get all urls
Returned Data: 
-- [  url : www.google.com 
     id :1
     tynyUrl : tyny.io/7fdcdf0 
     shortUrl : 7fdcdf0 
     key : 43a995d29e 
     createdAt : 2017-02-05T19:49:59.000Z 
     updatedAt : 2017-02-09T22:02:01.000Z  
      url : daniel-cobb.com 
     id :2
     tynyUrl : tyny.io/04f580b 
     shortUrl : 04f580b 
     key : 2 
     createdAt : 2017-02-05T19:51:46.000Z 
     updatedAt : 2017-02-05T19:51:46.000Z  
      url : https://github.com/DPCobb/URL-Shortener 
     id :4
     tynyUrl : tyny.io/8d10273 
     shortUrl : 8d10273 
     key : 43a995d29e 
     createdAt : 2017-02-05T20:16:49.000Z 
     updatedAt : 2017-02-05T20:16:49.000Z  
      url : amazon.com 
     id :5
     tynyUrl : tyny.io/21a9315 
     shortUrl : 21a9315 
     key : 43a995d29e 
     createdAt : 2017-02-08T17:53:29.000Z 
     updatedAt : 2017-02-08T17:53:29.000Z  
      url : amazon.com 
     id :6
     tynyUrl : tyny.io/21a9315 
     shortUrl : 21a9315 
     key : 43a995d29e 
     createdAt : 2017-02-08T17:54:00.000Z 
     updatedAt : 2017-02-08T17:54:00.000Z  
      url : www.facebook.com 
     id :8
     tynyUrl : tyny.io/c5344bc 
     shortUrl : c5344bc 
     key : 43a995d29e 
     createdAt : 2017-02-08T18:37:59.000Z 
     updatedAt : 2017-02-08T18:37:59.000Z  
      url : https://coderwall.com/p/yphywg/printing-colorful-text-in-terminal-when-run-node-js-script 
     id :9
     tynyUrl : tyny.io/a829a00 
     shortUrl : a829a00 
     key : 43a995d29e 
     createdAt : 2017-02-08T18:40:36.000Z 
     updatedAt : 2017-02-08T18:40:36.000Z  ]

**********
Event at 16:51:53 @ server.js line 34
SUCCESS
Listening to Server on Port 3000

**********
Event at 16:51:53 @ app.js line 19 GET:/urls
SUCCESS
Returned all URL's
Returned Data: 
--   data :[  url : www.google.com 
     id :1
     tynyUrl : tyny.io/7fdcdf0 
     shortUrl : 7fdcdf0 
     key : 43a995d29e 
     createdAt : 2017-02-05T19:49:59.000Z 
     updatedAt : 2017-02-09T22:02:01.000Z  
      url : daniel-cobb.com 
     id :2
     tynyUrl : tyny.io/04f580b 
     shortUrl : 04f580b 
     key : 2 
     createdAt : 2017-02-05T19:51:46.000Z 
     updatedAt : 2017-02-05T19:51:46.000Z  
      url : https://github.com/DPCobb/URL-Shortener 
     id :4
     tynyUrl : tyny.io/8d10273 
     shortUrl : 8d10273 
     key : 43a995d29e 
     createdAt : 2017-02-05T20:16:49.000Z 
     updatedAt : 2017-02-05T20:16:49.000Z  
      url : amazon.com 
     id :5
     tynyUrl : tyny.io/21a9315 
     shortUrl : 21a9315 
     key : 43a995d29e 
     createdAt : 2017-02-08T17:53:29.000Z 
     updatedAt : 2017-02-08T17:53:29.000Z  
      url : amazon.com 
     id :6
     tynyUrl : tyny.io/21a9315 
     shortUrl : 21a9315 
     key : 43a995d29e 
     createdAt : 2017-02-08T17:54:00.000Z 
     updatedAt : 2017-02-08T17:54:00.000Z  
      url : www.facebook.com 
     id :8
     tynyUrl : tyny.io/c5344bc 
     shortUrl : c5344bc 
     key : 43a995d29e 
     createdAt : 2017-02-08T18:37:59.000Z 
     updatedAt : 2017-02-08T18:37:59.000Z  
      url : https://coderwall.com/p/yphywg/printing-colorful-text-in-terminal-when-run-node-js-script 
     id :9
     tynyUrl : tyny.io/a829a00 
     shortUrl : a829a00 
     key : 43a995d29e 
     createdAt : 2017-02-08T18:40:36.000Z 
     updatedAt : 2017-02-08T18:40:36.000Z  ] 

**********
Event at 16:51:53 @ undefined
WARNING - REQUEST RETURNED NULL
TEST: Get all urls
Returned Data: 
-- [  url : www.google.com 
     id :1
     tynyUrl : tyny.io/7fdcdf0 
     shortUrl : 7fdcdf0 
     key : 43a995d29e 
     createdAt : 2017-02-05T19:49:59.000Z 
     updatedAt : 2017-02-09T22:02:01.000Z  
      url : daniel-cobb.com 
     id :2
     tynyUrl : tyny.io/04f580b 
     shortUrl : 04f580b 
     key : 2 
     createdAt : 2017-02-05T19:51:46.000Z 
     updatedAt : 2017-02-05T19:51:46.000Z  
      url : https://github.com/DPCobb/URL-Shortener 
     id :4
     tynyUrl : tyny.io/8d10273 
     shortUrl : 8d10273 
     key : 43a995d29e 
     createdAt : 2017-02-05T20:16:49.000Z 
     updatedAt : 2017-02-05T20:16:49.000Z  
      url : amazon.com 
     id :5
     tynyUrl : tyny.io/21a9315 
     shortUrl : 21a9315 
     key : 43a995d29e 
     createdAt : 2017-02-08T17:53:29.000Z 
     updatedAt : 2017-02-08T17:53:29.000Z  
      url : amazon.com 
     id :6
     tynyUrl : tyny.io/21a9315 
     shortUrl : 21a9315 
     key : 43a995d29e 
     createdAt : 2017-02-08T17:54:00.000Z 
     updatedAt : 2017-02-08T17:54:00.000Z  
      url : www.facebook.com 
     id :8
     tynyUrl : tyny.io/c5344bc 
     shortUrl : c5344bc 
     key : 43a995d29e 
     createdAt : 2017-02-08T18:37:59.000Z 
     updatedAt : 2017-02-08T18:37:59.000Z  
      url : https://coderwall.com/p/yphywg/printing-colorful-text-in-terminal-when-run-node-js-script 
     id :9
     tynyUrl : tyny.io/a829a00 
     shortUrl : a829a00 
     key : 43a995d29e 
     createdAt : 2017-02-08T18:40:36.000Z 
     updatedAt : 2017-02-08T18:40:36.000Z  ]

**********
Event at 16:52:39 @ server.js line 34
SUCCESS
Listening to Server on Port 3000

**********
Event at 16:52:39 @ app.js line 19 GET:/urls
SUCCESS
Returned all URL's
Returned Data: 
--   data :[  url : www.google.com 
     id :1
     tynyUrl : tyny.io/7fdcdf0 
     shortUrl : 7fdcdf0 
     key : 43a995d29e 
     createdAt : 2017-02-05T19:49:59.000Z 
     updatedAt : 2017-02-09T22:02:01.000Z  
      url : daniel-cobb.com 
     id :2
     tynyUrl : tyny.io/04f580b 
     shortUrl : 04f580b 
     key : 2 
     createdAt : 2017-02-05T19:51:46.000Z 
     updatedAt : 2017-02-05T19:51:46.000Z  
      url : https://github.com/DPCobb/URL-Shortener 
     id :4
     tynyUrl : tyny.io/8d10273 
     shortUrl : 8d10273 
     key : 43a995d29e 
     createdAt : 2017-02-05T20:16:49.000Z 
     updatedAt : 2017-02-05T20:16:49.000Z  
      url : amazon.com 
     id :5
     tynyUrl : tyny.io/21a9315 
     shortUrl : 21a9315 
     key : 43a995d29e 
     createdAt : 2017-02-08T17:53:29.000Z 
     updatedAt : 2017-02-08T17:53:29.000Z  
      url : amazon.com 
     id :6
     tynyUrl : tyny.io/21a9315 
     shortUrl : 21a9315 
     key : 43a995d29e 
     createdAt : 2017-02-08T17:54:00.000Z 
     updatedAt : 2017-02-08T17:54:00.000Z  
      url : www.facebook.com 
     id :8
     tynyUrl : tyny.io/c5344bc 
     shortUrl : c5344bc 
     key : 43a995d29e 
     createdAt : 2017-02-08T18:37:59.000Z 
     updatedAt : 2017-02-08T18:37:59.000Z  
      url : https://coderwall.com/p/yphywg/printing-colorful-text-in-terminal-when-run-node-js-script 
     id :9
     tynyUrl : tyny.io/a829a00 
     shortUrl : a829a00 
     key : 43a995d29e 
     createdAt : 2017-02-08T18:40:36.000Z 
     updatedAt : 2017-02-08T18:40:36.000Z  ] 

**********
Event at 16:52:39 @ __app.js line 14
WARNING - REQUEST RETURNED NULL
TEST: Get all urls
Returned Data: 
--   req :  method : GET 
     url : http://127.0.0.1:3000/api/v1/urls 
     headers :  user-agent : node-superagent/3.4.1 
     accept : application/json   
     header :  x-powered-by : Express 
     content-type : application/json; charset=utf-8 
     content-length : 1333 
     etag : W/\ 535-WsvmpUCtI4i64h+JqFXifA\  
     date : Fri
     10 Feb 2017 21:52:39 GMT 
     connection : close  
     status :200
     text : [ \ url\ :\ www.google.com\ 
    \ id\ :1
    \ tynyUrl\ :\ tyny.io/7fdcdf0\ 
    \ shortUrl\ :\ 7fdcdf0\ 
    \ key\ :\ 43a995d29e\ 
    \ createdAt\ :\ 2017-02-05T19:49:59.000Z\ 
    \ updatedAt\ :\ 2017-02-09T22:02:01.000Z\  
     \ url\ :\ daniel-cobb.com\ 
    \ id\ :2
    \ tynyUrl\ :\ tyny.io/04f580b\ 
    \ shortUrl\ :\ 04f580b\ 
    \ key\ :\ 2\ 
    \ createdAt\ :\ 2017-02-05T19:51:46.000Z\ 
    \ updatedAt\ :\ 2017-02-05T19:51:46.000Z\  
     \ url\ :\ https://github.com/DPCobb/URL-Shortener\ 
    \ id\ :4
    \ tynyUrl\ :\ tyny.io/8d10273\ 
    \ shortUrl\ :\ 8d10273\ 
    \ key\ :\ 43a995d29e\ 
    \ createdAt\ :\ 2017-02-05T20:16:49.000Z\ 
    \ updatedAt\ :\ 2017-02-05T20:16:49.000Z\  
     \ url\ :\ amazon.com\ 
    \ id\ :5
    \ tynyUrl\ :\ tyny.io/21a9315\ 
    \ shortUrl\ :\ 21a9315\ 
    \ key\ :\ 43a995d29e\ 
    \ createdAt\ :\ 2017-02-08T17:53:29.000Z\ 
    \ updatedAt\ :\ 2017-02-08T17:53:29.000Z\  
     \ url\ :\ amazon.com\ 
    \ id\ :6
    \ tynyUrl\ :\ tyny.io/21a9315\ 
    \ shortUrl\ :\ 21a9315\ 
    \ key\ :\ 43a995d29e\ 
    \ createdAt\ :\ 2017-02-08T17:54:00.000Z\ 
    \ updatedAt\ :\ 2017-02-08T17:54:00.000Z\  
     \ url\ :\ www.facebook.com\ 
    \ id\ :8
    \ tynyUrl\ :\ tyny.io/c5344bc\ 
    \ shortUrl\ :\ c5344bc\ 
    \ key\ :\ 43a995d29e\ 
    \ createdAt\ :\ 2017-02-08T18:37:59.000Z\ 
    \ updatedAt\ :\ 2017-02-08T18:37:59.000Z\  
     \ url\ :\ https://coderwall.com/p/yphywg/printing-colorful-text-in-terminal-when-run-node-js-script\ 
    \ id\ :9
    \ tynyUrl\ :\ tyny.io/a829a00\ 
    \ shortUrl\ :\ a829a00\ 
    \ key\ :\ 43a995d29e\ 
    \ createdAt\ :\ 2017-02-08T18:40:36.000Z\ 
    \ updatedAt\ :\ 2017-02-08T18:40:36.000Z\  ]  

**********
Event at 16:53:26 @ server.js line 34
SUCCESS
Listening to Server on Port 3000

**********
Event at 16:53:26 @ app.js line 19 GET:/urls
SUCCESS
Returned all URL's
Returned Data: 
--   data :[  url : www.google.com 
     id :1
     tynyUrl : tyny.io/7fdcdf0 
     shortUrl : 7fdcdf0 
     key : 43a995d29e 
     createdAt : 2017-02-05T19:49:59.000Z 
     updatedAt : 2017-02-09T22:02:01.000Z  
      url : daniel-cobb.com 
     id :2
     tynyUrl : tyny.io/04f580b 
     shortUrl : 04f580b 
     key : 2 
     createdAt : 2017-02-05T19:51:46.000Z 
     updatedAt : 2017-02-05T19:51:46.000Z  
      url : https://github.com/DPCobb/URL-Shortener 
     id :4
     tynyUrl : tyny.io/8d10273 
     shortUrl : 8d10273 
     key : 43a995d29e 
     createdAt : 2017-02-05T20:16:49.000Z 
     updatedAt : 2017-02-05T20:16:49.000Z  
      url : amazon.com 
     id :5
     tynyUrl : tyny.io/21a9315 
     shortUrl : 21a9315 
     key : 43a995d29e 
     createdAt : 2017-02-08T17:53:29.000Z 
     updatedAt : 2017-02-08T17:53:29.000Z  
      url : amazon.com 
     id :6
     tynyUrl : tyny.io/21a9315 
     shortUrl : 21a9315 
     key : 43a995d29e 
     createdAt : 2017-02-08T17:54:00.000Z 
     updatedAt : 2017-02-08T17:54:00.000Z  
      url : www.facebook.com 
     id :8
     tynyUrl : tyny.io/c5344bc 
     shortUrl : c5344bc 
     key : 43a995d29e 
     createdAt : 2017-02-08T18:37:59.000Z 
     updatedAt : 2017-02-08T18:37:59.000Z  
      url : https://coderwall.com/p/yphywg/printing-colorful-text-in-terminal-when-run-node-js-script 
     id :9
     tynyUrl : tyny.io/a829a00 
     shortUrl : a829a00 
     key : 43a995d29e 
     createdAt : 2017-02-08T18:40:36.000Z 
     updatedAt : 2017-02-08T18:40:36.000Z  ] 

**********
Event at 16:53:26 @ __app.js line 14
SUCCESS
TEST: Get all urls
Returned Data: 
--   data :  req :  method : GET 
     url : http://127.0.0.1:3000/api/v1/urls 
     headers :  user-agent : node-superagent/3.4.1 
     accept : application/json   
     header :  x-powered-by : Express 
     content-type : application/json; charset=utf-8 
     content-length : 1333 
     etag : W/\ 535-WsvmpUCtI4i64h+JqFXifA\  
     date : Fri
     10 Feb 2017 21:53:26 GMT 
     connection : close  
     status :200
     text : [ \ url\ :\ www.google.com\ 
    \ id\ :1
    \ tynyUrl\ :\ tyny.io/7fdcdf0\ 
    \ shortUrl\ :\ 7fdcdf0\ 
    \ key\ :\ 43a995d29e\ 
    \ createdAt\ :\ 2017-02-05T19:49:59.000Z\ 
    \ updatedAt\ :\ 2017-02-09T22:02:01.000Z\  
     \ url\ :\ daniel-cobb.com\ 
    \ id\ :2
    \ tynyUrl\ :\ tyny.io/04f580b\ 
    \ shortUrl\ :\ 04f580b\ 
    \ key\ :\ 2\ 
    \ createdAt\ :\ 2017-02-05T19:51:46.000Z\ 
    \ updatedAt\ :\ 2017-02-05T19:51:46.000Z\  
     \ url\ :\ https://github.com/DPCobb/URL-Shortener\ 
    \ id\ :4
    \ tynyUrl\ :\ tyny.io/8d10273\ 
    \ shortUrl\ :\ 8d10273\ 
    \ key\ :\ 43a995d29e\ 
    \ createdAt\ :\ 2017-02-05T20:16:49.000Z\ 
    \ updatedAt\ :\ 2017-02-05T20:16:49.000Z\  
     \ url\ :\ amazon.com\ 
    \ id\ :5
    \ tynyUrl\ :\ tyny.io/21a9315\ 
    \ shortUrl\ :\ 21a9315\ 
    \ key\ :\ 43a995d29e\ 
    \ createdAt\ :\ 2017-02-08T17:53:29.000Z\ 
    \ updatedAt\ :\ 2017-02-08T17:53:29.000Z\  
     \ url\ :\ amazon.com\ 
    \ id\ :6
    \ tynyUrl\ :\ tyny.io/21a9315\ 
    \ shortUrl\ :\ 21a9315\ 
    \ key\ :\ 43a995d29e\ 
    \ createdAt\ :\ 2017-02-08T17:54:00.000Z\ 
    \ updatedAt\ :\ 2017-02-08T17:54:00.000Z\  
     \ url\ :\ www.facebook.com\ 
    \ id\ :8
    \ tynyUrl\ :\ tyny.io/c5344bc\ 
    \ shortUrl\ :\ c5344bc\ 
    \ key\ :\ 43a995d29e\ 
    \ createdAt\ :\ 2017-02-08T18:37:59.000Z\ 
    \ updatedAt\ :\ 2017-02-08T18:37:59.000Z\  
     \ url\ :\ https://coderwall.com/p/yphywg/printing-colorful-text-in-terminal-when-run-node-js-script\ 
    \ id\ :9
    \ tynyUrl\ :\ tyny.io/a829a00\ 
    \ shortUrl\ :\ a829a00\ 
    \ key\ :\ 43a995d29e\ 
    \ createdAt\ :\ 2017-02-08T18:40:36.000Z\ 
    \ updatedAt\ :\ 2017-02-08T18:40:36.000Z\  ]   

**********
Event at 16:54:0 @ server.js line 34
SUCCESS
Listening to Server on Port 3000

**********
Event at 16:54:19 @ app.js line 48 GET:/urls/:id
SUCCESS
Returned URL based on ID
Returned Data: 
--   data :  url : www.google.com 
     id :1
     tynyUrl : tyny.io/7fdcdf0 
     shortUrl : 7fdcdf0 
     key : 43a995d29e 
     createdAt : 2017-02-05T19:49:59.000Z 
     updatedAt : 2017-02-09T22:02:01.000Z   
Requested Data: 
--   id :  id : 1   

**********
Event at 16:57:7 @ server.js line 34
SUCCESS
Listening to Server on Port 3000

**********
Event at 16:57:22 @ app.js line 48 GET:/urls/:id
SUCCESS
Returned URL based on ID
Returned Data: 
--   data :  url : www.google.com 
     id :1
     tynyUrl : tyny.io/7fdcdf0 
     shortUrl : 7fdcdf0 
     key : 43a995d29e 
     createdAt : 2017-02-05T19:49:59.000Z 
     updatedAt : 2017-02-09T22:02:01.000Z   
Requested Data: 
--   id :  id : 1   

**********
Event at 17:00:8 @ server.js line 34
SUCCESS
Listening to Server on Port 3000

**********
Event at 17:00:19 @ server.js line 34
SUCCESS
Listening to Server on Port 3000

**********
Event at 17:00:19 @ app.js line 19 GET:/urls
SUCCESS
Returned all URL's
Returned Data: 
--   data :[  url : www.google.com 
     id :1
     tynyUrl : tyny.io/7fdcdf0 
     shortUrl : 7fdcdf0 
     key : 43a995d29e 
     createdAt : 2017-02-05T19:49:59.000Z 
     updatedAt : 2017-02-09T22:02:01.000Z  
      url : daniel-cobb.com 
     id :2
     tynyUrl : tyny.io/04f580b 
     shortUrl : 04f580b 
     key : 2 
     createdAt : 2017-02-05T19:51:46.000Z 
     updatedAt : 2017-02-05T19:51:46.000Z  
      url : https://github.com/DPCobb/URL-Shortener 
     id :4
     tynyUrl : tyny.io/8d10273 
     shortUrl : 8d10273 
     key : 43a995d29e 
     createdAt : 2017-02-05T20:16:49.000Z 
     updatedAt : 2017-02-05T20:16:49.000Z  
      url : amazon.com 
     id :5
     tynyUrl : tyny.io/21a9315 
     shortUrl : 21a9315 
     key : 43a995d29e 
     createdAt : 2017-02-08T17:53:29.000Z 
     updatedAt : 2017-02-08T17:53:29.000Z  
      url : amazon.com 
     id :6
     tynyUrl : tyny.io/21a9315 
     shortUrl : 21a9315 
     key : 43a995d29e 
     createdAt : 2017-02-08T17:54:00.000Z 
     updatedAt : 2017-02-08T17:54:00.000Z  
      url : www.facebook.com 
     id :8
     tynyUrl : tyny.io/c5344bc 
     shortUrl : c5344bc 
     key : 43a995d29e 
     createdAt : 2017-02-08T18:37:59.000Z 
     updatedAt : 2017-02-08T18:37:59.000Z  
      url : https://coderwall.com/p/yphywg/printing-colorful-text-in-terminal-when-run-node-js-script 
     id :9
     tynyUrl : tyny.io/a829a00 
     shortUrl : a829a00 
     key : 43a995d29e 
     createdAt : 2017-02-08T18:40:36.000Z 
     updatedAt : 2017-02-08T18:40:36.000Z  ] 

**********
Event at 17:00:19 @ __app.js line 14
WARNING - REQUEST RETURNED NULL
TEST: Get all urls
Returned Data: 
--   info :  \ req\ : \ method\ :\ GET\ 
    \ url\ :\ http://127.0.0.1:3000/api/v1/urls\ 
    \ headers\ : \ user-agent\ :\ node-superagent/3.4.1\ 
    \ accept\ :\ application/json\   
    \ header\ : \ x-powered-by\ :\ Express\ 
    \ content-type\ :\ application/json; charset=utf-8\ 
    \ content-length\ :\ 1333\ 
    \ etag\ :\ W/\\\ 535-WsvmpUCtI4i64h+JqFXifA\\\ \ 
    \ date\ :\ Fri
     10 Feb 2017 22:00:19 GMT\ 
    \ connection\ :\ close\  
    \ status\ :200
    \ text\ :\ [ \\\ url\\\ :\\\ www.google.com\\\ 
    \\\ id\\\ :1
    \\\ tynyUrl\\\ :\\\ tyny.io/7fdcdf0\\\ 
    \\\ shortUrl\\\ :\\\ 7fdcdf0\\\ 
    \\\ key\\\ :\\\ 43a995d29e\\\ 
    \\\ createdAt\\\ :\\\ 2017-02-05T19:49:59.000Z\\\ 
    \\\ updatedAt\\\ :\\\ 2017-02-09T22:02:01.000Z\\\  
     \\\ url\\\ :\\\ daniel-cobb.com\\\ 
    \\\ id\\\ :2
    \\\ tynyUrl\\\ :\\\ tyny.io/04f580b\\\ 
    \\\ shortUrl\\\ :\\\ 04f580b\\\ 
    \\\ key\\\ :\\\ 2\\\ 
    \\\ createdAt\\\ :\\\ 2017-02-05T19:51:46.000Z\\\ 
    \\\ updatedAt\\\ :\\\ 2017-02-05T19:51:46.000Z\\\  
     \\\ url\\\ :\\\ https://github.com/DPCobb/URL-Shortener\\\ 
    \\\ id\\\ :4
    \\\ tynyUrl\\\ :\\\ tyny.io/8d10273\\\ 
    \\\ shortUrl\\\ :\\\ 8d10273\\\ 
    \\\ key\\\ :\\\ 43a995d29e\\\ 
    \\\ createdAt\\\ :\\\ 2017-02-05T20:16:49.000Z\\\ 
    \\\ updatedAt\\\ :\\\ 2017-02-05T20:16:49.000Z\\\  
     \\\ url\\\ :\\\ amazon.com\\\ 
    \\\ id\\\ :5
    \\\ tynyUrl\\\ :\\\ tyny.io/21a9315\\\ 
    \\\ shortUrl\\\ :\\\ 21a9315\\\ 
    \\\ key\\\ :\\\ 43a995d29e\\\ 
    \\\ createdAt\\\ :\\\ 2017-02-08T17:53:29.000Z\\\ 
    \\\ updatedAt\\\ :\\\ 2017-02-08T17:53:29.000Z\\\  
     \\\ url\\\ :\\\ amazon.com\\\ 
    \\\ id\\\ :6
    \\\ tynyUrl\\\ :\\\ tyny.io/21a9315\\\ 
    \\\ shortUrl\\\ :\\\ 21a9315\\\ 
    \\\ key\\\ :\\\ 43a995d29e\\\ 
    \\\ createdAt\\\ :\\\ 2017-02-08T17:54:00.000Z\\\ 
    \\\ updatedAt\\\ :\\\ 2017-02-08T17:54:00.000Z\\\  
     \\\ url\\\ :\\\ www.facebook.com\\\ 
    \\\ id\\\ :8
    \\\ tynyUrl\\\ :\\\ tyny.io/c5344bc\\\ 
    \\\ shortUrl\\\ :\\\ c5344bc\\\ 
    \\\ key\\\ :\\\ 43a995d29e\\\ 
    \\\ createdAt\\\ :\\\ 2017-02-08T18:37:59.000Z\\\ 
    \\\ updatedAt\\\ :\\\ 2017-02-08T18:37:59.000Z\\\  
     \\\ url\\\ :\\\ https://coderwall.com/p/yphywg/printing-colorful-text-in-terminal-when-run-node-js-script\\\ 
    \\\ id\\\ :9
    \\\ tynyUrl\\\ :\\\ tyny.io/a829a00\\\ 
    \\\ shortUrl\\\ :\\\ a829a00\\\ 
    \\\ key\\\ :\\\ 43a995d29e\\\ 
    \\\ createdAt\\\ :\\\ 2017-02-08T18:40:36.000Z\\\ 
    \\\ updatedAt\\\ :\\\ 2017-02-08T18:40:36.000Z\\\  ]\    

**********
Event at 17:00:43 @ server.js line 34
SUCCESS
Listening to Server on Port 3000

**********
Event at 17:00:43 @ app.js line 19 GET:/urls
SUCCESS
Returned all URL's
Returned Data: 
--   data :[  url : www.google.com 
     id :1
     tynyUrl : tyny.io/7fdcdf0 
     shortUrl : 7fdcdf0 
     key : 43a995d29e 
     createdAt : 2017-02-05T19:49:59.000Z 
     updatedAt : 2017-02-09T22:02:01.000Z  
      url : daniel-cobb.com 
     id :2
     tynyUrl : tyny.io/04f580b 
     shortUrl : 04f580b 
     key : 2 
     createdAt : 2017-02-05T19:51:46.000Z 
     updatedAt : 2017-02-05T19:51:46.000Z  
      url : https://github.com/DPCobb/URL-Shortener 
     id :4
     tynyUrl : tyny.io/8d10273 
     shortUrl : 8d10273 
     key : 43a995d29e 
     createdAt : 2017-02-05T20:16:49.000Z 
     updatedAt : 2017-02-05T20:16:49.000Z  
      url : amazon.com 
     id :5
     tynyUrl : tyny.io/21a9315 
     shortUrl : 21a9315 
     key : 43a995d29e 
     createdAt : 2017-02-08T17:53:29.000Z 
     updatedAt : 2017-02-08T17:53:29.000Z  
      url : amazon.com 
     id :6
     tynyUrl : tyny.io/21a9315 
     shortUrl : 21a9315 
     key : 43a995d29e 
     createdAt : 2017-02-08T17:54:00.000Z 
     updatedAt : 2017-02-08T17:54:00.000Z  
      url : www.facebook.com 
     id :8
     tynyUrl : tyny.io/c5344bc 
     shortUrl : c5344bc 
     key : 43a995d29e 
     createdAt : 2017-02-08T18:37:59.000Z 
     updatedAt : 2017-02-08T18:37:59.000Z  
      url : https://coderwall.com/p/yphywg/printing-colorful-text-in-terminal-when-run-node-js-script 
     id :9
     tynyUrl : tyny.io/a829a00 
     shortUrl : a829a00 
     key : 43a995d29e 
     createdAt : 2017-02-08T18:40:36.000Z 
     updatedAt : 2017-02-08T18:40:36.000Z  ] 

**********
Event at 17:02:31 @ server.js line 34
SUCCESS
Listening to Server on Port 3000

**********
Event at 17:02:31 @ app.js line 19 GET:/urls
SUCCESS
Returned all URL's
Returned Data: 
--   data :[  url : www.google.com 
     id :1
     tynyUrl : tyny.io/7fdcdf0 
     shortUrl : 7fdcdf0 
     key : 43a995d29e 
     createdAt : 2017-02-05T19:49:59.000Z 
     updatedAt : 2017-02-09T22:02:01.000Z  
      url : daniel-cobb.com 
     id :2
     tynyUrl : tyny.io/04f580b 
     shortUrl : 04f580b 
     key : 2 
     createdAt : 2017-02-05T19:51:46.000Z 
     updatedAt : 2017-02-05T19:51:46.000Z  
      url : https://github.com/DPCobb/URL-Shortener 
     id :4
     tynyUrl : tyny.io/8d10273 
     shortUrl : 8d10273 
     key : 43a995d29e 
     createdAt : 2017-02-05T20:16:49.000Z 
     updatedAt : 2017-02-05T20:16:49.000Z  
      url : amazon.com 
     id :5
     tynyUrl : tyny.io/21a9315 
     shortUrl : 21a9315 
     key : 43a995d29e 
     createdAt : 2017-02-08T17:53:29.000Z 
     updatedAt : 2017-02-08T17:53:29.000Z  
      url : amazon.com 
     id :6
     tynyUrl : tyny.io/21a9315 
     shortUrl : 21a9315 
     key : 43a995d29e 
     createdAt : 2017-02-08T17:54:00.000Z 
     updatedAt : 2017-02-08T17:54:00.000Z  
      url : www.facebook.com 
     id :8
     tynyUrl : tyny.io/c5344bc 
     shortUrl : c5344bc 
     key : 43a995d29e 
     createdAt : 2017-02-08T18:37:59.000Z 
     updatedAt : 2017-02-08T18:37:59.000Z  
      url : https://coderwall.com/p/yphywg/printing-colorful-text-in-terminal-when-run-node-js-script 
     id :9
     tynyUrl : tyny.io/a829a00 
     shortUrl : a829a00 
     key : 43a995d29e 
     createdAt : 2017-02-08T18:40:36.000Z 
     updatedAt : 2017-02-08T18:40:36.000Z  ] 

**********
Event at 17:02:31 @ __app.js line 14
WARNING - REQUEST RETURNED NULL
TEST: Get all urls
Returned Data: 
--   res :  req :  method : GET 
     url : http://127.0.0.1:3000/api/v1/urls 
     headers :  user-agent : node-superagent/3.4.1 
     accept : application/json   
     header :  x-powered-by : Express 
     content-type : application/json; charset=utf-8 
     content-length : 1333 
     etag : W/\ 535-WsvmpUCtI4i64h+JqFXifA\  
     date : Fri
     10 Feb 2017 22:02:31 GMT 
     connection : close  
     status :200
     text : [ \ url\ :\ www.google.com\ 
    \ id\ :1
    \ tynyUrl\ :\ tyny.io/7fdcdf0\ 
    \ shortUrl\ :\ 7fdcdf0\ 
    \ key\ :\ 43a995d29e\ 
    \ createdAt\ :\ 2017-02-05T19:49:59.000Z\ 
    \ updatedAt\ :\ 2017-02-09T22:02:01.000Z\  
     \ url\ :\ daniel-cobb.com\ 
    \ id\ :2
    \ tynyUrl\ :\ tyny.io/04f580b\ 
    \ shortUrl\ :\ 04f580b\ 
    \ key\ :\ 2\ 
    \ createdAt\ :\ 2017-02-05T19:51:46.000Z\ 
    \ updatedAt\ :\ 2017-02-05T19:51:46.000Z\  
     \ url\ :\ https://github.com/DPCobb/URL-Shortener\ 
    \ id\ :4
    \ tynyUrl\ :\ tyny.io/8d10273\ 
    \ shortUrl\ :\ 8d10273\ 
    \ key\ :\ 43a995d29e\ 
    \ createdAt\ :\ 2017-02-05T20:16:49.000Z\ 
    \ updatedAt\ :\ 2017-02-05T20:16:49.000Z\  
     \ url\ :\ amazon.com\ 
    \ id\ :5
    \ tynyUrl\ :\ tyny.io/21a9315\ 
    \ shortUrl\ :\ 21a9315\ 
    \ key\ :\ 43a995d29e\ 
    \ createdAt\ :\ 2017-02-08T17:53:29.000Z\ 
    \ updatedAt\ :\ 2017-02-08T17:53:29.000Z\  
     \ url\ :\ amazon.com\ 
    \ id\ :6
    \ tynyUrl\ :\ tyny.io/21a9315\ 
    \ shortUrl\ :\ 21a9315\ 
    \ key\ :\ 43a995d29e\ 
    \ createdAt\ :\ 2017-02-08T17:54:00.000Z\ 
    \ updatedAt\ :\ 2017-02-08T17:54:00.000Z\  
     \ url\ :\ www.facebook.com\ 
    \ id\ :8
    \ tynyUrl\ :\ tyny.io/c5344bc\ 
    \ shortUrl\ :\ c5344bc\ 
    \ key\ :\ 43a995d29e\ 
    \ createdAt\ :\ 2017-02-08T18:37:59.000Z\ 
    \ updatedAt\ :\ 2017-02-08T18:37:59.000Z\  
     \ url\ :\ https://coderwall.com/p/yphywg/printing-colorful-text-in-terminal-when-run-node-js-script\ 
    \ id\ :9
    \ tynyUrl\ :\ tyny.io/a829a00\ 
    \ shortUrl\ :\ a829a00\ 
    \ key\ :\ 43a995d29e\ 
    \ createdAt\ :\ 2017-02-08T18:40:36.000Z\ 
    \ updatedAt\ :\ 2017-02-08T18:40:36.000Z\  ]   

**********
Event at 17:03:42 @ server.js line 34
SUCCESS
Listening to Server on Port 3000

**********
Event at 17:03:42 @ app.js line 19 GET:/urls
SUCCESS
Returned all URL's
Returned Data: 
--   data :[  url : www.google.com 
     id :1
     tynyUrl : tyny.io/7fdcdf0 
     shortUrl : 7fdcdf0 
     key : 43a995d29e 
     createdAt : 2017-02-05T19:49:59.000Z 
     updatedAt : 2017-02-09T22:02:01.000Z  
      url : daniel-cobb.com 
     id :2
     tynyUrl : tyny.io/04f580b 
     shortUrl : 04f580b 
     key : 2 
     createdAt : 2017-02-05T19:51:46.000Z 
     updatedAt : 2017-02-05T19:51:46.000Z  
      url : https://github.com/DPCobb/URL-Shortener 
     id :4
     tynyUrl : tyny.io/8d10273 
     shortUrl : 8d10273 
     key : 43a995d29e 
     createdAt : 2017-02-05T20:16:49.000Z 
     updatedAt : 2017-02-05T20:16:49.000Z  
      url : amazon.com 
     id :5
     tynyUrl : tyny.io/21a9315 
     shortUrl : 21a9315 
     key : 43a995d29e 
     createdAt : 2017-02-08T17:53:29.000Z 
     updatedAt : 2017-02-08T17:53:29.000Z  
      url : amazon.com 
     id :6
     tynyUrl : tyny.io/21a9315 
     shortUrl : 21a9315 
     key : 43a995d29e 
     createdAt : 2017-02-08T17:54:00.000Z 
     updatedAt : 2017-02-08T17:54:00.000Z  
      url : www.facebook.com 
     id :8
     tynyUrl : tyny.io/c5344bc 
     shortUrl : c5344bc 
     key : 43a995d29e 
     createdAt : 2017-02-08T18:37:59.000Z 
     updatedAt : 2017-02-08T18:37:59.000Z  
      url : https://coderwall.com/p/yphywg/printing-colorful-text-in-terminal-when-run-node-js-script 
     id :9
     tynyUrl : tyny.io/a829a00 
     shortUrl : a829a00 
     key : 43a995d29e 
     createdAt : 2017-02-08T18:40:36.000Z 
     updatedAt : 2017-02-08T18:40:36.000Z  ] 

**********
Event at 17:03:42 @ __app.js line 14
WARNING - REQUEST RETURNED NULL
TEST: Get all urls
Returned Data: 
--   req :  method : GET 
     url : http://127.0.0.1:3000/api/v1/urls 
     headers :  user-agent : node-superagent/3.4.1 
     accept : application/json   
     header :  x-powered-by : Express 
     content-type : application/json; charset=utf-8 
     content-length : 1333 
     etag : W/\ 535-WsvmpUCtI4i64h+JqFXifA\  
     date : Fri
     10 Feb 2017 22:03:42 GMT 
     connection : close  
     status :200
     text : [ \ url\ :\ www.google.com\ 
    \ id\ :1
    \ tynyUrl\ :\ tyny.io/7fdcdf0\ 
    \ shortUrl\ :\ 7fdcdf0\ 
    \ key\ :\ 43a995d29e\ 
    \ createdAt\ :\ 2017-02-05T19:49:59.000Z\ 
    \ updatedAt\ :\ 2017-02-09T22:02:01.000Z\  
     \ url\ :\ daniel-cobb.com\ 
    \ id\ :2
    \ tynyUrl\ :\ tyny.io/04f580b\ 
    \ shortUrl\ :\ 04f580b\ 
    \ key\ :\ 2\ 
    \ createdAt\ :\ 2017-02-05T19:51:46.000Z\ 
    \ updatedAt\ :\ 2017-02-05T19:51:46.000Z\  
     \ url\ :\ https://github.com/DPCobb/URL-Shortener\ 
    \ id\ :4
    \ tynyUrl\ :\ tyny.io/8d10273\ 
    \ shortUrl\ :\ 8d10273\ 
    \ key\ :\ 43a995d29e\ 
    \ createdAt\ :\ 2017-02-05T20:16:49.000Z\ 
    \ updatedAt\ :\ 2017-02-05T20:16:49.000Z\  
     \ url\ :\ amazon.com\ 
    \ id\ :5
    \ tynyUrl\ :\ tyny.io/21a9315\ 
    \ shortUrl\ :\ 21a9315\ 
    \ key\ :\ 43a995d29e\ 
    \ createdAt\ :\ 2017-02-08T17:53:29.000Z\ 
    \ updatedAt\ :\ 2017-02-08T17:53:29.000Z\  
     \ url\ :\ amazon.com\ 
    \ id\ :6
    \ tynyUrl\ :\ tyny.io/21a9315\ 
    \ shortUrl\ :\ 21a9315\ 
    \ key\ :\ 43a995d29e\ 
    \ createdAt\ :\ 2017-02-08T17:54:00.000Z\ 
    \ updatedAt\ :\ 2017-02-08T17:54:00.000Z\  
     \ url\ :\ www.facebook.com\ 
    \ id\ :8
    \ tynyUrl\ :\ tyny.io/c5344bc\ 
    \ shortUrl\ :\ c5344bc\ 
    \ key\ :\ 43a995d29e\ 
    \ createdAt\ :\ 2017-02-08T18:37:59.000Z\ 
    \ updatedAt\ :\ 2017-02-08T18:37:59.000Z\  
     \ url\ :\ https://coderwall.com/p/yphywg/printing-colorful-text-in-terminal-when-run-node-js-script\ 
    \ id\ :9
    \ tynyUrl\ :\ tyny.io/a829a00\ 
    \ shortUrl\ :\ a829a00\ 
    \ key\ :\ 43a995d29e\ 
    \ createdAt\ :\ 2017-02-08T18:40:36.000Z\ 
    \ updatedAt\ :\ 2017-02-08T18:40:36.000Z\  ]  

**********
Event at 17:04:50 @ server.js line 34
SUCCESS
Listening to Server on Port 3000

**********
Event at 17:04:50 @ app.js line 19 GET:/urls
SUCCESS
Returned all URL's
Returned Data: 
--   data :[  url : www.google.com 
     id :1
     tynyUrl : tyny.io/7fdcdf0 
     shortUrl : 7fdcdf0 
     key : 43a995d29e 
     createdAt : 2017-02-05T19:49:59.000Z 
     updatedAt : 2017-02-09T22:02:01.000Z  
      url : daniel-cobb.com 
     id :2
     tynyUrl : tyny.io/04f580b 
     shortUrl : 04f580b 
     key : 2 
     createdAt : 2017-02-05T19:51:46.000Z 
     updatedAt : 2017-02-05T19:51:46.000Z  
      url : https://github.com/DPCobb/URL-Shortener 
     id :4
     tynyUrl : tyny.io/8d10273 
     shortUrl : 8d10273 
     key : 43a995d29e 
     createdAt : 2017-02-05T20:16:49.000Z 
     updatedAt : 2017-02-05T20:16:49.000Z  
      url : amazon.com 
     id :5
     tynyUrl : tyny.io/21a9315 
     shortUrl : 21a9315 
     key : 43a995d29e 
     createdAt : 2017-02-08T17:53:29.000Z 
     updatedAt : 2017-02-08T17:53:29.000Z  
      url : amazon.com 
     id :6
     tynyUrl : tyny.io/21a9315 
     shortUrl : 21a9315 
     key : 43a995d29e 
     createdAt : 2017-02-08T17:54:00.000Z 
     updatedAt : 2017-02-08T17:54:00.000Z  
      url : www.facebook.com 
     id :8
     tynyUrl : tyny.io/c5344bc 
     shortUrl : c5344bc 
     key : 43a995d29e 
     createdAt : 2017-02-08T18:37:59.000Z 
     updatedAt : 2017-02-08T18:37:59.000Z  
      url : https://coderwall.com/p/yphywg/printing-colorful-text-in-terminal-when-run-node-js-script 
     id :9
     tynyUrl : tyny.io/a829a00 
     shortUrl : a829a00 
     key : 43a995d29e 
     createdAt : 2017-02-08T18:40:36.000Z 
     updatedAt : 2017-02-08T18:40:36.000Z  ] 

**********
Event at 17:04:50 @ __app.js line 14
WARNING - REQUEST RETURNED NULL
TEST: Get all urls
Returned Data: 
-- [  url : www.google.com 
     id :1
     tynyUrl : tyny.io/7fdcdf0 
     shortUrl : 7fdcdf0 
     key : 43a995d29e 
     createdAt : 2017-02-05T19:49:59.000Z 
     updatedAt : 2017-02-09T22:02:01.000Z  
      url : daniel-cobb.com 
     id :2
     tynyUrl : tyny.io/04f580b 
     shortUrl : 04f580b 
     key : 2 
     createdAt : 2017-02-05T19:51:46.000Z 
     updatedAt : 2017-02-05T19:51:46.000Z  
      url : https://github.com/DPCobb/URL-Shortener 
     id :4
     tynyUrl : tyny.io/8d10273 
     shortUrl : 8d10273 
     key : 43a995d29e 
     createdAt : 2017-02-05T20:16:49.000Z 
     updatedAt : 2017-02-05T20:16:49.000Z  
      url : amazon.com 
     id :5
     tynyUrl : tyny.io/21a9315 
     shortUrl : 21a9315 
     key : 43a995d29e 
     createdAt : 2017-02-08T17:53:29.000Z 
     updatedAt : 2017-02-08T17:53:29.000Z  
      url : amazon.com 
     id :6
     tynyUrl : tyny.io/21a9315 
     shortUrl : 21a9315 
     key : 43a995d29e 
     createdAt : 2017-02-08T17:54:00.000Z 
     updatedAt : 2017-02-08T17:54:00.000Z  
      url : www.facebook.com 
     id :8
     tynyUrl : tyny.io/c5344bc 
     shortUrl : c5344bc 
     key : 43a995d29e 
     createdAt : 2017-02-08T18:37:59.000Z 
     updatedAt : 2017-02-08T18:37:59.000Z  
      url : https://coderwall.com/p/yphywg/printing-colorful-text-in-terminal-when-run-node-js-script 
     id :9
     tynyUrl : tyny.io/a829a00 
     shortUrl : a829a00 
     key : 43a995d29e 
     createdAt : 2017-02-08T18:40:36.000Z 
     updatedAt : 2017-02-08T18:40:36.000Z  ]

**********
Event at 17:05:27 @ server.js line 34
SUCCESS
Listening to Server on Port 3000

**********
Event at 17:05:27 @ app.js line 19 GET:/urls
SUCCESS
Returned all URL's
Returned Data: 
--   data :[  url : www.google.com 
     id :1
     tynyUrl : tyny.io/7fdcdf0 
     shortUrl : 7fdcdf0 
     key : 43a995d29e 
     createdAt : 2017-02-05T19:49:59.000Z 
     updatedAt : 2017-02-09T22:02:01.000Z  
      url : daniel-cobb.com 
     id :2
     tynyUrl : tyny.io/04f580b 
     shortUrl : 04f580b 
     key : 2 
     createdAt : 2017-02-05T19:51:46.000Z 
     updatedAt : 2017-02-05T19:51:46.000Z  
      url : https://github.com/DPCobb/URL-Shortener 
     id :4
     tynyUrl : tyny.io/8d10273 
     shortUrl : 8d10273 
     key : 43a995d29e 
     createdAt : 2017-02-05T20:16:49.000Z 
     updatedAt : 2017-02-05T20:16:49.000Z  
      url : amazon.com 
     id :5
     tynyUrl : tyny.io/21a9315 
     shortUrl : 21a9315 
     key : 43a995d29e 
     createdAt : 2017-02-08T17:53:29.000Z 
     updatedAt : 2017-02-08T17:53:29.000Z  
      url : amazon.com 
     id :6
     tynyUrl : tyny.io/21a9315 
     shortUrl : 21a9315 
     key : 43a995d29e 
     createdAt : 2017-02-08T17:54:00.000Z 
     updatedAt : 2017-02-08T17:54:00.000Z  
      url : www.facebook.com 
     id :8
     tynyUrl : tyny.io/c5344bc 
     shortUrl : c5344bc 
     key : 43a995d29e 
     createdAt : 2017-02-08T18:37:59.000Z 
     updatedAt : 2017-02-08T18:37:59.000Z  
      url : https://coderwall.com/p/yphywg/printing-colorful-text-in-terminal-when-run-node-js-script 
     id :9
     tynyUrl : tyny.io/a829a00 
     shortUrl : a829a00 
     key : 43a995d29e 
     createdAt : 2017-02-08T18:40:36.000Z 
     updatedAt : 2017-02-08T18:40:36.000Z  ] 

**********
Event at 17:05:27 @ __app.js line 14
SUCCESS
TEST: Get all urls
Returned Data: 
--   data :[  url : www.google.com 
     id :1
     tynyUrl : tyny.io/7fdcdf0 
     shortUrl : 7fdcdf0 
     key : 43a995d29e 
     createdAt : 2017-02-05T19:49:59.000Z 
     updatedAt : 2017-02-09T22:02:01.000Z  
      url : daniel-cobb.com 
     id :2
     tynyUrl : tyny.io/04f580b 
     shortUrl : 04f580b 
     key : 2 
     createdAt : 2017-02-05T19:51:46.000Z 
     updatedAt : 2017-02-05T19:51:46.000Z  
      url : https://github.com/DPCobb/URL-Shortener 
     id :4
     tynyUrl : tyny.io/8d10273 
     shortUrl : 8d10273 
     key : 43a995d29e 
     createdAt : 2017-02-05T20:16:49.000Z 
     updatedAt : 2017-02-05T20:16:49.000Z  
      url : amazon.com 
     id :5
     tynyUrl : tyny.io/21a9315 
     shortUrl : 21a9315 
     key : 43a995d29e 
     createdAt : 2017-02-08T17:53:29.000Z 
     updatedAt : 2017-02-08T17:53:29.000Z  
      url : amazon.com 
     id :6
     tynyUrl : tyny.io/21a9315 
     shortUrl : 21a9315 
     key : 43a995d29e 
     createdAt : 2017-02-08T17:54:00.000Z 
     updatedAt : 2017-02-08T17:54:00.000Z  
      url : www.facebook.com 
     id :8
     tynyUrl : tyny.io/c5344bc 
     shortUrl : c5344bc 
     key : 43a995d29e 
     createdAt : 2017-02-08T18:37:59.000Z 
     updatedAt : 2017-02-08T18:37:59.000Z  
      url : https://coderwall.com/p/yphywg/printing-colorful-text-in-terminal-when-run-node-js-script 
     id :9
     tynyUrl : tyny.io/a829a00 
     shortUrl : a829a00 
     key : 43a995d29e 
     createdAt : 2017-02-08T18:40:36.000Z 
     updatedAt : 2017-02-08T18:40:36.000Z  ] 