-- MSG @ 12:11:28 (No Location Info): Hello World from log.msg
-- MSG @ 12:11:28 (app.js): Server Active, port 3000
-- MSG @ 13:41:6 (No Location Info): Hello World from app.listen
-- MSG @ 13:41:6 (app.js): Server Active, port 3000
-- MSG @ 13:57:20 (No Location Info): Hello World from app.listen
-- MSG @ 13:57:20 (app.js): Server Active, port 3000
-- MSG @ 13:57:21 (No Location Info): Hello World from app.listen
-- MSG @ 13:57:21 (app.js): Server Active, port 3000
-- MSG @ 13:58:43 (No Location Info): Hello World from app.listen
-- MSG @ 13:58:43 (app.js): Server Active, port 3000
-- MSG @ 14:00:47 (No Location Info): Hello World from app.listen
-- MSG @ 14:00:47 (app.js): Server Active, port 3000
-- MSG @ 14:04:17 (No Location Info): Hello World from app.listen
-- MSG @ 14:04:17 (app.js): Server Active, port 3000
-- MSG @ 14:06:43 (No Location Info): Hello World from app.listen
-- MSG @ 14:06:43 (app.js): Server Active, port 3000
-- MSG @ 14:08:35 (No Location Info): Hello World from app.listen
-- MSG @ 14:08:35 (app.js): Server Active, port 3000
-- MSG @ 14:10:45 (No Location Info): Hello World from app.listen
-- MSG @ 14:10:45 (app.js): Server Active, port 3000
-- MSG @ 14:10:59 (No Location Info): Hello World from app.listen
-- MSG @ 14:10:59 (app.js): Server Active, port 3000
-- MSG @ 14:11:13 (No Location Info): Hello World from app.listen
-- MSG @ 14:11:13 (app.js): Server Active, port 30001
-- MSG @ 14:11:24 (No Location Info): Hello World from app.listen
-- MSG @ 14:11:24 (app.js): Server Active, port 3000
-- MSG @ 14:23:52 (No Location Info): Hello World from app.listen
-- MSG @ 14:23:52 (app.js): Server Active, port 3000
-- MSG @ 15:37:53 (No Location Info): Hello World from app.listen
-- MSG @ 15:37:53 (app.js): Server Active, port 3000
-- MSG @ 17:02:46 (No Location Info): Hello World from app.listen
-- MSG @ 17:02:46 (app.js): Server Active, port 3000
-- MSG @ 17:03:50 (No Location Info): Hello World from app.listen
-- MSG @ 17:03:50 (app.js): Server Active, port 3000
-- MSG @ 17:04:29 (No Location Info): Hello World from app.listen
-- MSG @ 17:04:29 (app.js): Server Active, port 3000
-- MSG @ 17:04:47 (No Location Info): Hello World from app.listen
-- MSG @ 17:04:47 (app.js): Server Active, port 3000
-- MSG @ 17:06:16 (No Location Info): Hello World from app.listen
-- MSG @ 17:06:16 (app.js): Server Active, port 3000
-- MSG @ 17:06:24 (No Location Info): Hello World from app.listen
-- MSG @ 17:06:24 (app.js): Server Active, port 3000
-- MSG @ 17:06:31 (No Location Info): Hello World from app.listen
-- MSG @ 17:06:31 (app.js): Server Active, port 3000
-- MSG @ 17:08:37 (No Location Info): Hello World from app.listen
-- MSG @ 17:08:37 (app.js): Server Active, port 3000
-- MSG @ 17:08:49 (No Location Info): Hello World from app.listen
-- MSG @ 17:08:49 (app.js): Server Active, port 3000
-- MSG @ 17:09:0 (No Location Info): Hello World from app.listen
-- MSG @ 17:09:0 (app.js): Server Active, port 3000
-- MSG @ 17:10:27 (No Location Info): Hello World from app.listen
-- MSG @ 17:10:27 (app.js): Server Active, port 3000
-- MSG @ 17:10:31 (No Location Info): Hello World from app.listen
-- MSG @ 17:10:31 (app.js): Server Active, port 3000
-- MSG @ 17:11:5 (No Location Info): Hello World from app.listen
-- MSG @ 17:11:5 (app.js): Server Active, port 3000
-- MSG @ 17:11:9 (No Location Info): Hello World from app.listen
-- MSG @ 17:11:9 (app.js): Server Active, port 3000
-- MSG @ 17:12:25 (No Location Info): Hello World from app.listen
-- MSG @ 17:12:25 (app.js): Server Active, port 3000
-- MSG @ 17:12:27 (No Location Info): Hello World from app.listen
-- MSG @ 17:12:27 (app.js): Server Active, port 3000
-- MSG @ 17:13:7 (No Location Info): Hello World from app.listen
-- MSG @ 17:13:7 (app.js): Server Active, port 3000
-- MSG @ 17:14:15 (No Location Info): Hello World from app.listen
-- MSG @ 17:14:15 (app.js): Server Active, port 3000
-- MSG @ 17:14:29 (No Location Info): Hello World from app.listen
-- MSG @ 17:14:29 (app.js): Server Active, port 3000
-- MSG @ 17:15:3 (No Location Info): Hello World from app.listen
-- MSG @ 17:15:3 (app.js): Server Active, port 3000
-- MSG @ 17:23:43 (No Location Info): Hello World from app.listen
-- MSG @ 17:23:43 (app.js): Server Active, port 3000
-- MSG @ 17:24:2 (No Location Info): Hello World from app.listen
-- MSG @ 17:24:2 (app.js): Server Active, port 3000
-- MSG @ 17:24:15 (No Location Info): Hello World from app.listen
-- MSG @ 17:24:15 (app.js): Server Active, port 3000
-- MSG @ 17:24:54 (No Location Info): Hello World from app.listen
-- MSG @ 17:24:54 (app.js): Server Active, port 3000
-- MSG @ 17:26:19 (No Location Info): Hello World from app.listen
-- MSG @ 17:26:19 (app.js): Server Active, port 3000
-- MSG @ 17:27:46 (class loc {
  constructor(data) {
    this.loc = data;
  }
}): Hello World from app.listen
-- MSG @ 17:27:46 (class loc {
  constructor(data) {
    this.loc = data;
  }
}): Server Active, port 3000
-- MSG @ 17:28:10 (No Location Info): Hello World from app.listen
-- MSG @ 17:28:10 (app.js): Server Active, port 3000
-- MSG @ 17:29:19 (No Location Info): Hello World from app.listen
-- MSG @ 17:29:19 (app.js): Server Active, port 3000
-- MSG @ 17:30:24 (No Location Info): Hello World from app.listen
-- MSG @ 17:30:24 (app.js): Server Active, port 3000
-- MSG @ 17:39:1 (No Location Info): Hello World from app.listen
-- MSG @ 17:39:1 (app.js): Server Active, port 3000
-- MSG @ 17:40:17 (No Location Info): Hello World from app.listen
-- MSG @ 17:40:17 (app.js): Server Active, port 3000
